_______                    _____________________ 
__  __ \______________________  /___    |__  __ \
_  / / /__  __ \  _ \_  __ \_  / __  /| |_  /_/ /
/ /_/ /__  /_/ /  __/  / / /  /___  ___ |  ____/ 
\____/ _  .___/\___//_/ /_//_____/_/  |_/_/      
       /_/                                       
=================================================
Vehicle: WUFR23
Track:   Skidpad
Date:    24/10/2023
Time:    18:02:31
=================================================
Simulation started.
Maximum speed calculated at all points.
Found all apexes on track.
Starting acceleration and deceleration.
Running: [||||||||||||||||||||||||||||||] 100 [%]
________________________________________________
|_Apex__|_Point_|_Mode__|___x___|___v___|_vmax_|
      1	      2	      1	    1.0	  12.32	  12.32
      1	      3	      1	    2.0	  12.32	  12.32
      1	      4	      1	    3.0	  12.32	  12.32
      1	      5	      1	    4.0	  12.32	  12.32
      1	      6	      1	    5.0	  12.32	  12.32
      1	      7	      1	    6.0	  12.32	  12.32
      1	      8	      1	    7.0	  12.32	  12.32
      1	      9	      1	    8.0	  12.32	  12.32
      1	     10	      1	    9.0	  12.32	  12.32
      1	     11	      1	   10.0	  12.32	  12.32
      1	     12	      1	   11.0	  12.32	  12.32
      1	     13	      1	   12.0	  12.32	  12.32
      1	     14	      1	   13.0	  12.32	  12.32
      1	     15	      1	   14.0	  12.32	  12.32
      1	     16	      1	   15.0	  12.32	  12.32
      1	     17	      1	   16.0	  12.32	  12.32
      1	     18	      1	   17.0	  12.32	  12.32
      1	     19	      1	   18.0	  12.32	  12.32
      1	     20	      1	   19.0	  12.32	  12.32
      1	     21	      1	   20.0	  12.32	  12.32
      1	     22	      1	   21.0	  12.32	  12.32
      1	     23	      1	   22.0	  12.32	  12.32
      1	     24	      1	   23.0	  12.32	  12.32
      1	     25	      1	   24.0	  12.32	  12.32
      1	     26	      1	   25.0	  12.32	  12.32
      1	     27	      1	   26.0	  12.32	  12.32
      1	     28	      1	   27.0	  12.32	  12.32
      1	     29	      1	   28.0	  12.32	  12.32
      1	     30	      1	   29.0	  12.32	  12.32
      1	     31	      1	   30.0	  12.32	  12.32
      1	     32	      1	   31.0	  12.32	  12.32
      1	     33	      1	   32.0	  12.32	  12.32
      1	     34	      1	   33.0	  12.32	  12.32
      1	     35	      1	   34.0	  12.32	  12.32
      1	     36	      1	   35.0	  12.32	  12.32
      1	     37	      1	   36.0	  12.32	  12.32
      1	     38	      1	   37.0	  12.32	  12.32
      1	     39	      1	   38.0	  12.32	  12.32
      1	     40	      1	   39.0	  12.32	  12.32
      1	     41	      1	   40.0	  12.32	  12.32
      1	     42	      1	   41.0	  12.32	  12.32
      1	     43	      1	   42.0	  12.32	  12.32
      1	     44	      1	   43.0	  12.32	  12.32
      1	     45	      1	   44.0	  12.32	  12.32
      1	     46	      1	   45.0	  12.32	  12.32
      1	     47	      1	   46.0	  12.32	  12.32
      1	     48	      1	   47.0	  12.32	  12.32
      1	     49	      1	   48.0	  12.32	  12.32
      1	     50	      1	   49.0	  12.32	  12.32
      1	     51	      1	   50.0	  12.32	  12.32
      1	     52	      1	   51.0	  12.32	  12.32
      1	     53	      1	   52.0	  12.32	  12.32
      1	     54	      1	   53.0	  12.32	  12.32
      1	     55	      1	   54.0	  12.32	  12.32
      1	     56	      1	   55.0	  12.32	  12.32
      1	     57	      1	   56.0	  12.32	  12.32
      1	     58	      1	   57.0	  12.32	  12.32
      1	     59	      1	   58.0	  12.32	  12.32
      1	     60	      1	   59.0	  12.32	  12.32
      1	     61	      1	   60.0	  12.32	  12.32
      1	     62	      1	   61.0	  12.32	  12.32
      1	     63	      1	   62.0	  12.32	  12.32
      1	     64	      1	   63.0	  12.32	  12.32
      1	     65	      1	   64.0	  12.32	  12.32
      1	     66	      1	   65.0	  12.32	  12.32
      1	     67	      1	   66.0	  12.32	  12.32
      1	     68	      1	   67.0	  12.32	  12.32
      1	     69	      1	   68.0	  12.32	  12.32
      1	     70	      1	   69.0	  12.32	  12.32
      1	     71	      1	   70.0	  12.32	  12.32
      1	     72	      1	   71.0	  12.32	  12.32
      1	     73	      1	   72.0	  12.32	  12.32
      1	     74	      1	   73.0	  12.32	  12.32
      1	     75	      1	   74.0	  12.32	  12.32
      1	     76	      1	   75.0	  12.32	  12.32
      1	     77	      1	   76.0	  12.32	  12.32
      1	     78	      1	   77.0	  12.32	  12.32
      1	     79	      1	   78.0	  12.32	  12.32
      1	     80	      1	   79.0	  12.32	  12.32
      1	     81	      1	   80.0	  12.32	  12.32
      1	     82	      1	   81.0	  12.32	  12.32
      1	     83	      1	   82.0	  12.32	  12.32
      1	     84	      1	   83.0	  12.32	  12.32
      1	     85	      1	   84.0	  12.32	  12.32
      1	     86	      1	   85.0	  12.32	  12.32
      1	     87	      1	   86.0	  12.32	  12.32
      1	     88	      1	   87.0	  12.32	  12.32
      1	     89	      1	   88.0	  12.32	  12.32
      1	     90	      1	   89.0	  12.32	  12.32
      1	     91	      1	   90.0	  12.32	  12.32
      1	     92	      1	   91.0	  12.32	  12.32
      1	     93	      1	   92.0	  12.32	  12.32
      1	     94	      1	   93.0	  12.32	  12.32
      1	     95	      1	   94.0	  12.32	  12.32
      1	     96	      1	   95.0	  12.32	  12.32
      1	     97	      1	   96.0	  12.32	  12.32
      1	     98	      1	   97.0	  12.32	  12.32
      1	     99	      1	   98.0	  12.32	  12.32
      1	    100	      1	   99.0	  12.32	  12.32
      1	    101	      1	  100.0	  12.32	  12.32
      1	    102	      1	  101.0	  12.32	  12.32
      1	    103	      1	  102.0	  12.32	  12.32
      1	    104	      1	  103.0	  12.32	  12.32
      1	    105	      1	  104.0	  12.32	  12.32
      1	    106	      1	  105.0	  12.32	  12.32
      1	    107	      1	  106.0	  12.32	  12.32
      1	    108	      1	  107.0	  12.32	  12.32
      1	    109	      1	  108.0	  12.32	  12.32
      1	    110	      1	  109.0	  12.32	  12.32
      1	    111	      1	  110.0	  12.32	  12.32
      1	    112	      1	  111.0	  12.32	  12.32
      1	    113	      1	  112.0	  12.32	  12.32
      1	    114	      1	  113.0	  12.32	  12.32
      1	    115	      1	  114.0	  12.32	  12.32
      1	    116	      1	  115.0	  12.32	  12.32
      1	    117	      1	  116.0	  12.32	  12.32
      1	    118	      1	  117.0	  12.32	  12.32
      1	    119	      1	  118.0	  12.32	  12.32
      1	    120	      1	  119.0	  12.32	  12.32
      1	    121	      1	  120.0	  12.32	  12.32
      1	    122	      1	  121.0	  12.32	  12.32
      1	    123	      1	  122.0	  12.32	  12.32
      1	    124	      1	  123.0	  12.32	  12.32
      1	    125	      1	  124.0	  12.32	  12.32
      1	    126	      1	  125.0	  12.32	  12.32
      1	    127	      1	  126.0	  12.32	  12.32
      1	    128	      1	  127.0	  12.32	  12.32
      1	    129	      1	  128.0	  12.32	  12.32
      1	    130	      1	  129.0	  12.32	  12.32
      1	    131	      1	  130.0	  12.32	  12.32
      1	    132	      1	  131.0	  12.32	  12.32
      1	    133	      1	  132.0	  12.32	  12.32
      1	    134	      1	  133.0	  12.32	  12.32
      1	    135	      1	  134.0	  12.32	  12.32
      1	    136	      1	  135.0	  12.32	  12.32
      1	    137	      1	  136.0	  12.32	  12.32
      1	    138	      1	  137.0	  12.32	  12.32
      1	    139	      1	  138.0	  12.32	  12.32
      1	    140	      1	  139.0	  12.32	  12.32
      1	    141	      1	  140.0	  12.32	  12.32
      1	    142	      1	  141.0	  12.32	  12.32
      1	    143	      1	  142.0	  12.32	  12.32
      1	    144	      1	  143.0	  12.32	  12.32
      1	    145	      1	  144.0	  12.32	  12.32
      1	    146	      1	  145.0	  12.32	  12.32
      1	    147	      1	  146.0	  12.32	  12.32
      1	    148	      1	  147.0	  12.32	  12.32
      1	    149	      1	  148.0	  12.32	  12.32
      1	    150	      1	  149.0	  12.32	  12.32
      1	    151	      1	  150.0	  12.32	  12.32
      1	    152	      1	  151.0	  12.32	  12.32
      1	    153	      1	  152.0	  12.32	  12.32
      1	    154	      1	  153.0	  12.32	  12.32
      1	    155	      1	  154.0	  12.32	  12.32
      1	    156	      1	  155.0	  12.32	  12.32
      1	    157	      1	  156.0	  12.32	  12.32
      1	    158	      1	  157.0	  12.32	  12.32
      1	    159	      1	  158.0	  12.32	  12.32
      1	    160	      1	  159.0	  12.32	  12.32
      1	    161	      1	  160.0	  12.32	  12.32
      1	    162	      1	  161.0	  12.32	  12.32
      1	    163	      1	  162.0	  12.32	  12.32
      1	    164	      1	  163.0	  12.32	  12.32
      1	    165	      1	  164.0	  12.32	  12.32
      1	    166	      1	  165.0	  12.32	  12.32
      1	    167	      1	  166.0	  12.32	  12.32
      1	    168	      1	  167.0	  12.32	  12.32
      1	    169	      1	  168.0	  12.32	  12.32
      1	    170	      1	  169.0	  12.32	  12.32
      1	    171	      1	  170.0	  12.32	  12.32
      1	    172	      1	  171.0	  12.32	  12.32
      1	    173	      1	  172.0	  12.32	  12.32
      1	    174	      1	  173.0	  12.32	  12.32
      1	    175	      1	  174.0	  12.32	  12.32
      1	    176	      1	  175.0	  12.32	  12.32
      1	    177	      1	  176.0	  12.32	  12.32
      1	    178	      1	  177.0	  12.32	  12.32
      1	    179	      1	  178.0	  12.32	  12.32
      1	    180	      1	  179.0	  12.32	  12.32
      1	    181	      1	  180.0	  12.32	  12.32
      1	    182	      1	  181.0	  12.32	  12.32
      1	    183	      1	  182.0	  12.32	  12.32
      1	    184	      1	  183.0	  12.32	  12.32
      1	    185	      1	  184.0	  12.32	  12.32
      1	    186	      1	  185.0	  12.32	  12.32
      1	    187	      1	  186.0	  12.32	  12.32
      1	    188	      1	  187.0	  12.32	  12.32
      1	    189	      1	  188.0	  12.32	  12.32
      1	    190	      1	  189.0	  12.32	  12.32
      1	    191	      1	  190.0	  12.32	  12.32
      1	    192	      1	  191.0	  12.32	  12.32
      1	    193	      1	  192.0	  12.32	  12.32
      1	    194	      1	  193.0	  12.32	  12.32
      1	    195	      1	  194.0	  12.32	  12.32
      1	    196	      1	  195.0	  12.32	  12.32
      1	    197	      1	  196.0	  12.32	  12.32
      1	    198	      1	  197.0	  12.32	  12.32
      1	    199	      1	  198.0	  12.32	  12.32
      1	    200	      1	  199.0	  12.32	  12.32
      1	    201	      1	  200.0	  12.32	  12.32
      1	    202	      1	  201.0	  12.32	  12.32
      1	    203	      1	  202.0	  12.32	  12.32
      1	    204	      1	  203.0	  12.32	  12.32
      1	    205	      1	  204.0	  12.32	  12.32
      1	    206	      1	  205.0	  12.32	  12.32
      1	    207	      1	  206.0	  12.32	  12.32
      1	    208	      1	  207.0	  12.32	  12.32
      1	    209	      1	  208.0	  12.32	  12.32
      1	    210	      1	  209.0	  12.32	  12.32
      1	    211	      1	  210.0	  12.32	  12.32
      1	    212	      1	  211.0	  12.32	  12.32
      1	    213	      1	  212.0	  12.32	  12.32
      1	    214	      1	  213.0	  12.32	  12.32
      1	    215	      1	  214.0	  12.32	  12.32
      1	    216	      1	  215.0	  12.32	  12.32
      1	    217	      1	  216.0	  12.32	  12.32
      1	    218	      1	  217.0	  12.32	  12.32
      1	    219	      1	  218.0	  12.32	  12.32
      1	    220	      1	  219.0	  12.32	  12.32
      1	    221	      1	  220.0	  12.32	  12.32
      1	    222	      1	  221.0	  12.32	  12.32
      1	    223	      1	  222.0	  12.32	  12.32
      1	    224	      1	  223.0	  12.32	  12.32
      1	    225	      1	  224.0	  12.32	  12.32
      1	    226	      1	  225.0	  12.32	  12.32
      1	    227	      1	  226.0	  12.32	  12.32
      1	    228	      1	  227.0	  12.32	  12.32
      1	    229	      1	  228.0	  12.32	  12.32
      1	    230	      1	  229.0	  12.32	  12.32
      1	    231	      1	  229.3	  12.32	  12.32
      1	    231	      2	  229.3	  12.32	  12.32
________________________________________________
Velocity profile calculated successfully.
Solver time is: 0.043272 [s]
Post-processing initialised.
Correct solution selected from modes.
Laptime calculated.
Forces calculated.
Yaw motion calculated.
Steering angles calculated.
Vehicle slip angles calculated.
Engine metrics calculated.
KPIs calculated.
Post-processing finished.
Simulation results saved.
Simulation completed.
Efficiency Score  : 100.000 [s]
Laptime   :  18.647 [s]
Sector   1:   4.628 [s]
Sector   2:   4.547 [s]
Sector   3:   4.628 [s]
Sector   4:   4.520 [s]
Plots created and saved.
Export initialised.
Exported .csv file successfully.
Elapsed time is: 5.447388 [s]
