_______                    _____________________ 
__  __ \______________________  /___    |__  __ \
_  / / /__  __ \  _ \_  __ \_  / __  /| |_  /_/ /
/ /_/ /__  /_/ /  __/  / / /  /___  ___ |  ____/ 
\____/ _  .___/\___//_/ /_//_____/_/  |_/_/      
       /_/                                       
=================================================
Vehicle: WUFR23
Track:   Autocross
Date:    24/10/2023
Time:    22:00:22
=================================================
Simulation started.
Maximum speed calculated at all points.
Found all apexes on track.
Starting acceleration and deceleration.
Running: [||||||||||||||||||||||||||||||] 100 [%]
________________________________________________
|_Apex__|_Point_|_Mode__|___x___|___v___|_vmax_|
      1	      1	      1	    0.0	   0.00	  30.54
      1	      2	      1	    0.1	   1.63	  30.54
      1	      3	      1	    0.2	   2.30	  30.54
      1	      4	      1	    0.3	   2.82	  30.54
      1	      5	      1	    0.4	   3.25	  30.54
      1	      6	      1	    0.5	   3.64	  30.54
      1	      7	      1	    0.6	   3.98	  30.54
      1	      8	      1	    0.7	   4.30	  30.54
      1	      9	      1	    0.8	   4.60	  30.54
      1	     10	      1	    0.9	   4.88	  30.54
      1	     11	      1	    1.0	   5.14	  30.54
      1	     12	      1	    1.1	   5.39	  30.54
      1	     13	      1	    1.2	   5.63	  30.54
      1	     14	      1	    1.3	   5.86	  30.54
      1	     15	      1	    1.4	   6.08	  30.54
      1	     16	      1	    1.5	   6.29	  30.54
      1	     17	      1	    1.6	   6.49	  30.54
      1	     18	      1	    1.7	   6.69	  30.54
      1	     19	      1	    1.8	   6.88	  30.54
      1	     20	      1	    1.9	   7.07	  30.54
      1	     21	      1	    2.0	   7.26	  30.54
      1	     22	      1	    2.1	   7.45	  30.54
      1	     23	      1	    2.2	   7.64	  30.54
      1	     24	      1	    2.3	   7.84	  30.54
      1	     25	      1	    2.4	   8.03	  30.54
      1	     26	      1	    2.5	   8.23	  30.54
      1	     27	      1	    2.6	   8.43	  30.54
      1	     28	      1	    2.7	   8.62	  30.54
      1	     29	      1	    2.8	   8.81	  30.54
      1	     30	      1	    2.9	   8.99	  30.54
      1	     31	      1	    3.0	   9.16	  30.54
      1	     32	      1	    3.1	   9.33	  30.54
      1	     33	      1	    3.2	   9.50	  30.54
      1	     34	      1	    3.3	   9.66	  30.54
      1	     35	      1	    3.4	   9.82	  30.54
      1	     36	      1	    3.5	   9.98	  30.54
      1	     37	      1	    3.6	  10.14	  30.54
      2	     39	      1	    3.8	   2.19	   2.19
      2	     40	      1	    3.9	   2.19	   2.19
      2	     41	      1	    4.0	   2.19	   2.19
      2	     42	      1	    4.1	   2.19	   2.19
      2	     43	      1	    4.2	   2.19	   2.19
      2	     44	      1	    4.3	   2.23	  30.54
      2	     45	      1	    4.4	   2.76	  30.54
      2	     46	      1	    4.5	   3.20	  30.54
      2	     47	      1	    4.6	   2.74	   2.74
      2	     48	      1	    4.7	   2.74	   2.74
      2	     49	      1	    4.8	   2.74	   2.74
      2	     50	      1	    4.9	   2.74	   2.74
      2	     51	      1	    5.0	   2.74	   2.74
      2	     52	      1	    5.1	   2.74	   2.74
      2	     53	      1	    5.2	   2.74	   2.74
      2	     54	      1	    5.3	   2.74	   2.74
      2	     55	      1	    5.4	   2.74	   2.74
      2	     56	      1	    5.5	   2.74	   2.74
      2	     57	      1	    5.6	   2.76	  30.54
      2	     58	      1	    5.7	   3.21	  30.54
      2	     59	      1	    5.8	   3.59	  30.54
      2	     60	      1	    5.9	   3.94	  30.54
      2	     61	      1	    6.0	   4.27	  30.54
      2	     62	      1	    6.1	   4.56	  30.54
      2	     63	      1	    6.2	   4.84	  30.54
      2	     64	      1	    6.3	   5.11	  30.54
      2	     65	      1	    6.4	   5.36	  30.54
      2	     66	      1	    6.5	   5.60	  30.54
      2	     67	      1	    6.6	   5.83	  30.54
      2	     68	      1	    6.7	   6.05	  30.54
      2	     69	      1	    6.8	   6.26	  30.54
      2	     70	      1	    6.9	   6.47	  30.54
      2	     71	      1	    7.0	   6.67	  30.54
      2	     72	      1	    7.1	   6.86	  30.54
      2	     73	      1	    7.2	   7.05	  30.54
      2	     74	      1	    7.3	   7.24	  30.54
      2	     75	      1	    7.4	   7.43	  30.54
      2	     76	      1	    7.5	   7.62	  30.54
      2	     77	      1	    7.6	   7.81	  30.54
      2	     37	      2	    3.6	   2.19	  30.54
      2	     36	      2	    3.5	   2.92	  30.54
      2	     35	      2	    3.4	   3.50	  30.54
      2	     34	      2	    3.3	   4.00	  30.54
      2	     33	      2	    3.2	   4.44	  30.54
      2	     32	      2	    3.1	   4.85	  30.54
      2	     31	      2	    3.0	   5.22	  30.54
      2	     30	      2	    2.9	   5.58	  30.54
      2	     29	      2	    2.8	   5.91	  30.54
      2	     28	      2	    2.7	   6.23	  30.54
      2	     27	      2	    2.6	   6.53	  30.54
      2	     26	      2	    2.5	   6.82	  30.54
      2	     25	      2	    2.4	   7.10	  30.54
      2	     24	      2	    2.3	   7.37	  30.54
      2	     23	      2	    2.2	   7.63	  30.54
      3	    263	      1	   26.2	   2.38	   2.38
      3	    264	      1	   26.3	   2.38	   2.38
      3	    265	      1	   26.4	   2.38	   2.38
      3	    266	      1	   26.5	   2.38	   2.38
      3	    267	      1	   26.6	   2.38	   2.38
      3	    268	      1	   26.7	   2.38	   2.38
      3	    269	      1	   26.8	   2.41	  30.54
      3	    270	      1	   26.9	   2.91	  30.54
      3	    271	      1	   27.0	   3.33	  30.54
      3	    272	      1	   27.1	   3.71	  30.54
      3	    273	      1	   27.2	   4.05	   4.37
      3	    274	      1	   27.3	   4.28	   4.37
      3	    275	      1	   27.4	   4.37	   4.37
      3	    276	      1	   27.5	   4.37	   4.37
      3	    277	      1	   27.6	   4.37	   4.37
      3	    278	      1	   27.7	   4.37	   4.37
      3	    279	      1	   27.8	   4.37	   4.37
      3	    280	      1	   27.9	   4.37	   4.37
      3	    281	      1	   28.0	   4.37	   4.37
      3	    282	      1	   28.1	   4.37	   4.37
      3	    283	      1	   28.2	   4.37	   4.37
      3	    284	      1	   28.3	   4.37	   4.37
      3	    285	      1	   28.4	   4.37	   4.37
      3	    286	      1	   28.5	   4.37	   4.37
      3	    287	      1	   28.6	   4.37	   4.37
      3	    288	      1	   28.7	   4.37	   4.37
      3	    289	      1	   28.8	   4.37	   4.37
      3	    290	      1	   28.9	   4.37	   4.37
      3	    291	      1	   29.0	   4.37	   4.37
      3	    292	      1	   29.1	   4.38	  30.54
      3	    293	      1	   29.2	   4.67	  30.54
      3	    294	      1	   29.3	   4.95	  30.54
      3	    295	      1	   29.4	   5.21	  30.54
      3	    296	      1	   29.5	   5.45	  30.54
      3	    297	      1	   29.6	   5.69	  30.54
      3	    298	      1	   29.7	   5.91	  30.54
      3	    299	      1	   29.8	   6.13	  30.54
      3	    300	      1	   29.9	   6.34	  30.54
      3	    301	      1	   30.0	   6.55	  30.54
      3	    302	      1	   30.1	   6.74	  30.54
      3	    303	      1	   30.2	   6.93	  30.54
      3	    304	      1	   30.3	   7.12	  30.54
      3	    305	      1	   30.4	   7.31	  30.54
      3	    306	      1	   30.5	   7.50	  30.54
      3	    261	      2	   26.0	   2.38	  30.54
      3	    260	      2	   25.9	   3.06	  30.54
      3	    259	      2	   25.8	   3.62	  30.54
      3	    258	      2	   25.7	   4.11	  30.54
      3	    257	      2	   25.6	   4.54	  30.54
      3	    256	      2	   25.5	   4.94	  30.54
      4	    251	      1	   25.0	   2.64	   2.64
      4	    252	      1	   25.1	   2.64	   2.64
      4	    253	      1	   25.2	   2.64	   2.64
      4	    254	      1	   25.3	   2.64	   2.64
      4	    255	      1	   25.4	   2.64	   2.64
      4	    256	      1	   25.5	   2.67	  30.54
      4	    257	      1	   25.6	   3.12	  30.54
      4	    258	      1	   25.7	   3.52	  30.54
      4	    249	      2	   24.8	   2.64	  30.54
      4	    248	      2	   24.7	   3.27	  30.54
      4	    247	      2	   24.6	   3.80	  30.54
      4	    246	      2	   24.5	   4.26	  30.54
      4	    245	      2	   24.4	   4.68	  30.54
      4	    244	      2	   24.3	   5.07	  30.54
      4	    243	      2	   24.2	   5.43	  30.54
      4	    242	      2	   24.1	   5.77	  30.54
      4	    241	      2	   24.0	   6.10	  30.54
      4	    240	      2	   23.9	   6.40	  30.54
      4	    239	      2	   23.8	   6.70	  30.54
      4	    238	      2	   23.7	   6.98	  30.54
      4	    237	      2	   23.6	   7.25	  30.54
      4	    236	      2	   23.5	   7.52	  30.54
      4	    235	      2	   23.4	   7.78	  30.54
      4	    234	      2	   23.3	   8.03	  30.54
      4	    233	      2	   23.2	   8.27	  30.54
      4	    232	      2	   23.1	   8.50	  30.54
      5	     48	      1	    4.7	   2.74	   2.74
      5	     46	      2	    4.5	   2.74	  30.54
      6	    746	      1	   74.5	   2.87	   2.87
      6	    747	      1	   74.6	   2.87	   2.87
      6	    748	      1	   74.7	   2.87	   2.87
      6	    749	      1	   74.8	   2.89	  30.54
      6	    750	      1	   74.9	   3.32	  30.54
      6	    751	      1	   75.0	   3.70	  30.54
      6	    752	      1	   75.1	   4.04	  30.54
      6	    753	      1	   75.2	   4.35	  30.54
      6	    754	      1	   75.3	   4.64	  30.54
      6	    755	      1	   75.4	   4.35	   4.35
      6	    756	      1	   75.5	   4.35	   4.35
      6	    757	      1	   75.6	   4.35	   4.35
      6	    758	      1	   75.7	   4.35	   4.35
      6	    759	      1	   75.8	   4.35	   4.35
      6	    760	      1	   75.9	   4.35	   4.35
      6	    761	      1	   76.0	   4.35	   4.35
      6	    762	      1	   76.1	   4.35	   4.35
      6	    763	      1	   76.2	   4.35	   4.35
      6	    764	      1	   76.3	   4.37	  30.54
      6	    765	      1	   76.4	   4.66	  30.54
      6	    766	      1	   76.5	   4.93	  30.54
      6	    767	      1	   76.6	   5.19	  30.54
      6	    768	      1	   76.7	   5.44	  30.54
      6	    744	      2	   74.3	   2.87	  30.54
      6	    743	      2	   74.2	   3.46	  30.54
      6	    742	      2	   74.1	   3.96	  30.54
      6	    741	      2	   74.0	   4.41	  30.54
      6	    740	      2	   73.9	   4.82	  30.54
      6	    739	      2	   73.8	   5.20	  30.54
      6	    738	      2	   73.7	   5.55	  30.54
      6	    737	      2	   73.6	   5.89	  30.54
      6	    736	      2	   73.5	   6.20	  30.54
      6	    735	      2	   73.4	   6.51	  30.54
      6	    734	      2	   73.3	   6.80	  30.54
      6	    733	      2	   73.2	   7.08	  30.54
      6	    732	      2	   73.1	   7.35	  30.54
      7	    447	      1	   44.6	   3.10	   3.10
      7	    448	      1	   44.7	   3.10	   3.10
      7	    449	      1	   44.8	   3.10	   3.10
      7	    450	      1	   44.9	   3.12	  10.72
      7	    451	      1	   45.0	   3.52	  10.13
      7	    452	      1	   45.1	   3.88	  10.13
      7	    453	      1	   45.2	   4.20	  10.13
      7	    454	      1	   45.3	   4.51	  10.13
      7	    455	      1	   45.4	   4.79	  10.13
      7	    456	      1	   45.5	   5.06	  10.13
      7	    457	      1	   45.6	   5.31	  10.13
      7	    458	      1	   45.7	   5.55	  30.54
      7	    459	      1	   45.8	   5.79	  30.54
      7	    460	      1	   45.9	   6.01	  30.54
      7	    461	      1	   46.0	   6.22	  30.54
      7	    462	      1	   46.1	   6.43	  30.54
      7	    463	      1	   46.2	   6.63	  30.54
      7	    445	      2	   44.4	   3.10	  30.54
      7	    444	      2	   44.3	   3.66	  30.54
      7	    443	      2	   44.2	   4.14	  30.54
      7	    442	      2	   44.1	   4.57	  30.54
      7	    441	      2	   44.0	   4.96	  30.54
      7	    440	      2	   43.9	   5.33	  30.54
      7	    439	      2	   43.8	   5.68	  30.54
      7	    438	      2	   43.7	   6.01	  30.54
      7	    437	      2	   43.6	   6.32	  30.54
      7	    436	      2	   43.5	   6.62	  30.54
      7	    435	      2	   43.4	   6.90	  30.54
      8	    172	      1	   17.1	   3.20	   3.20
      8	    173	      1	   17.2	   3.20	   3.20
      8	    174	      1	   17.3	   3.20	   3.20
      8	    175	      1	   17.4	   3.20	   3.20
      8	    176	      1	   17.5	   3.20	   3.20
      8	    177	      1	   17.6	   3.20	   3.20
      8	    178	      1	   17.7	   3.20	   3.20
      8	    179	      1	   17.8	   3.20	   3.20
      8	    180	      1	   17.9	   3.20	   3.20
      8	    181	      1	   18.0	   3.20	   3.20
      8	    182	      1	   18.1	   3.20	   3.20
      8	    183	      1	   18.2	   3.20	   3.20
      8	    184	      1	   18.3	   3.20	   3.20
      8	    185	      1	   18.4	   3.22	   3.77
      8	    186	      1	   18.5	   3.59	   3.77
      8	    187	      1	   18.6	   3.77	   3.77
      8	    188	      1	   18.7	   3.77	   3.77
      8	    189	      1	   18.8	   3.77	   3.77
      8	    190	      1	   18.9	   3.77	   3.77
      8	    191	      1	   19.0	   3.77	   3.77
      8	    192	      1	   19.1	   3.77	   3.77
      8	    193	      1	   19.2	   3.77	   3.77
      8	    194	      1	   19.3	   3.77	   3.77
      8	    195	      1	   19.4	   3.77	   3.77
      8	    196	      1	   19.5	   3.77	   3.77
      8	    197	      1	   19.6	   3.77	   3.77
      8	    198	      1	   19.7	   3.77	   3.77
      8	    199	      1	   19.8	   3.77	   3.77
      8	    200	      1	   19.9	   3.77	   3.77
      8	    201	      1	   20.0	   3.77	   3.77
      8	    202	      1	   20.1	   3.77	   3.77
      8	    203	      1	   20.2	   3.77	   3.77
      8	    204	      1	   20.3	   3.77	   3.77
      8	    205	      1	   20.4	   3.77	   3.77
      8	    206	      1	   20.5	   3.79	  30.54
      8	    207	      1	   20.6	   4.12	  30.54
      8	    208	      1	   20.7	   4.43	  30.54
      8	    209	      1	   20.8	   4.72	  30.54
      8	    210	      1	   20.9	   4.99	  30.54
      8	    211	      1	   21.0	   5.24	  30.54
      8	    212	      1	   21.1	   5.49	  30.54
      8	    213	      1	   21.2	   5.72	  30.54
      8	    214	      1	   21.3	   5.95	  30.54
      8	    215	      1	   21.4	   6.16	  30.54
      8	    216	      1	   21.5	   6.37	  30.54
      8	    217	      1	   21.6	   6.58	  30.54
      8	    218	      1	   21.7	   6.77	  30.54
      8	    219	      1	   21.8	   6.96	  30.54
      8	    170	      2	   16.9	   3.20	  30.54
      8	    169	      2	   16.8	   3.74	  30.54
      8	    168	      2	   16.7	   4.21	  30.54
      8	    167	      2	   16.6	   4.64	  30.54
      8	    166	      2	   16.5	   5.03	  30.54
      8	    165	      2	   16.4	   5.39	  30.54
      8	    164	      2	   16.3	   5.73	  30.54
      8	    163	      2	   16.2	   6.06	  30.54
      8	    162	      2	   16.1	   6.37	  30.54
      8	    161	      2	   16.0	   6.66	  30.54
      8	    160	      2	   15.9	   6.95	  30.54
      8	    159	      2	   15.8	   7.22	  30.54
      8	    158	      2	   15.7	   7.49	  30.54
      8	    157	      2	   15.6	   7.75	  30.54
      8	    156	      2	   15.5	   8.00	  30.54
      8	    155	      2	   15.4	   8.24	  30.54
      8	    154	      2	   15.3	   8.48	  30.54
      8	    153	      2	   15.2	   8.71	  30.54
      8	    152	      2	   15.1	   8.94	  30.54
      8	    151	      2	   15.0	   9.16	  30.54
      8	    150	      2	   14.9	   9.38	  30.54
      8	    149	      2	   14.8	   9.59	  30.54
      8	    148	      2	   14.7	   9.80	  30.54
      8	    147	      2	   14.6	  10.00	  15.38
      9	    429	      1	   42.8	   3.52	   3.52
      9	    430	      1	   42.9	   3.52	   3.52
      9	    431	      1	   43.0	   3.52	   3.52
      9	    432	      1	   43.1	   3.52	   3.52
      9	    433	      1	   43.2	   3.52	   3.52
      9	    434	      1	   43.3	   3.52	   3.52
      9	    435	      1	   43.4	   3.53	  30.54
      9	    436	      1	   43.5	   3.89	  30.54
      9	    437	      1	   43.6	   4.21	  30.54
      9	    438	      1	   43.7	   4.51	  30.54
      9	    439	      1	   43.8	   4.80	  30.54
      9	    440	      1	   43.9	   5.06	  30.54
      9	    427	      2	   42.6	   3.52	  30.54
      9	    426	      2	   42.5	   4.01	  30.54
      9	    425	      2	   42.4	   4.46	  30.54
      9	    424	      2	   42.3	   4.86	  30.54
      9	    423	      2	   42.2	   5.24	  30.54
      9	    422	      2	   42.1	   5.59	  30.54
      9	    421	      2	   42.0	   5.92	  30.54
      9	    420	      2	   41.9	   6.23	  30.54
      9	    419	      2	   41.8	   6.54	  30.54
      9	    418	      2	   41.7	   6.83	  30.54
      9	    417	      2	   41.6	   7.10	  30.54
      9	    416	      2	   41.5	   7.37	  30.54
      9	    415	      2	   41.4	   7.63	  30.54
      9	    414	      2	   41.3	   7.89	  30.54
      9	    413	      2	   41.2	   8.13	  30.54
      9	    412	      2	   41.1	   8.37	  30.54
      9	    411	      2	   41.0	   8.61	  30.54
      9	    410	      2	   40.9	   8.84	  30.54
      9	    409	      2	   40.8	   9.06	  30.54
      9	    408	      2	   40.7	   9.28	  30.54
      9	    407	      2	   40.6	   9.50	  30.54
      9	    406	      2	   40.5	   9.71	  30.54
     10	    465	      1	   46.4	   3.57	   3.57
     10	    466	      1	   46.5	   3.57	   3.57
     10	    467	      1	   46.6	   3.57	   3.57
     10	    468	      1	   46.7	   3.57	   3.57
     10	    469	      1	   46.8	   3.57	   3.57
     10	    470	      1	   46.9	   3.58	  30.54
     10	    471	      1	   47.0	   3.93	  30.54
     10	    472	      1	   47.1	   4.26	  30.54
     10	    473	      1	   47.2	   4.56	  30.54
     10	    474	      1	   47.3	   4.84	  30.54
     10	    475	      1	   47.4	   5.10	  30.54
     10	    476	      1	   47.5	   5.35	  30.54
     10	    477	      1	   47.6	   5.59	  30.54
     10	    478	      1	   47.7	   5.82	  30.54
     10	    479	      1	   47.8	   6.04	  30.54
     10	    480	      1	   47.9	   6.26	  30.54
     10	    463	      2	   46.2	   3.57	  30.54
     10	    462	      2	   46.1	   4.06	  30.54
     10	    461	      2	   46.0	   4.50	  30.54
     10	    460	      2	   45.9	   4.90	  30.54
     10	    459	      2	   45.8	   5.27	  30.54
     11	    315	      1	   31.4	   3.70	   3.70
     11	    316	      1	   31.5	   3.70	   3.70
     11	    317	      1	   31.6	   3.70	   3.70
     11	    318	      1	   31.7	   3.70	   3.70
     11	    319	      1	   31.8	   3.70	   3.70
     11	    320	      1	   31.9	   3.70	   3.70
     11	    321	      1	   32.0	   3.71	  30.54
     11	    322	      1	   32.1	   4.05	  30.54
     11	    323	      1	   32.2	   4.37	  30.54
     11	    324	      1	   32.3	   4.66	  30.54
     11	    313	      2	   31.2	   3.70	  30.54
     11	    312	      2	   31.1	   4.18	  30.54
     11	    311	      2	   31.0	   4.60	  30.54
     11	    310	      2	   30.9	   5.00	  30.54
     11	    309	      2	   30.8	   5.03	   5.03
     11	    308	      2	   30.7	   5.03	   5.03
     11	    307	      2	   30.6	   5.03	   5.03
     11	    306	      2	   30.5	   5.04	  30.54
     11	    305	      2	   30.4	   5.41	  30.54
     11	    304	      2	   30.3	   5.75	  30.54
     11	    303	      2	   30.2	   6.07	  30.54
     11	    302	      2	   30.1	   6.38	  30.54
     12	    338	      1	   33.7	   3.75	   3.75
     12	    339	      1	   33.8	   3.75	   3.75
     12	    340	      1	   33.9	   3.75	   3.75
     12	    341	      1	   34.0	   3.75	   3.75
     12	    342	      1	   34.1	   3.75	   3.75
     12	    343	      1	   34.2	   3.75	   3.75
     12	    344	      1	   34.3	   3.77	  30.54
     12	    345	      1	   34.4	   4.10	  30.54
     12	    346	      1	   34.5	   4.41	  30.54
     12	    347	      1	   34.6	   4.70	  30.54
     12	    348	      1	   34.7	   4.97	  30.54
     12	    349	      1	   34.8	   5.23	  30.54
     12	    350	      1	   34.9	   5.48	  30.54
     12	    351	      1	   35.0	   5.71	  30.54
     12	    352	      1	   35.1	   5.94	  30.54
     12	    353	      1	   35.2	   6.15	  30.54
     12	    354	      1	   35.3	   6.36	  30.54
     12	    355	      1	   35.4	   6.57	  30.54
     12	    356	      1	   35.5	   6.76	  30.54
     12	    357	      1	   35.6	   6.95	  30.54
     12	    358	      1	   35.7	   7.14	  30.54
     12	    359	      1	   35.8	   7.33	  30.54
     12	    360	      1	   35.9	   7.52	  30.54
     12	    361	      1	   36.0	   7.71	  30.54
     12	    362	      1	   36.1	   7.91	  30.54
     12	    363	      1	   36.2	   8.11	  30.54
     12	    364	      1	   36.3	   8.31	  30.54
     12	    365	      1	   36.4	   8.50	  30.54
     12	    366	      1	   36.5	   8.69	  30.54
     12	    336	      2	   33.5	   3.75	  30.54
     12	    335	      2	   33.4	   4.22	  30.54
     12	    334	      2	   33.3	   4.65	  30.54
     13	    869	      1	   86.8	   3.88	   3.88
     13	    870	      1	   86.9	   3.88	   3.88
     13	    871	      1	   87.0	   3.88	   3.88
     13	    872	      1	   87.1	   3.88	   3.88
     13	    873	      1	   87.2	   3.88	   3.88
     13	    874	      1	   87.3	   3.88	   3.88
     13	    875	      1	   87.4	   3.88	   3.88
     13	    876	      1	   87.5	   3.88	   3.88
     13	    877	      1	   87.6	   3.88	   3.88
     13	    878	      1	   87.7	   3.89	  30.54
     13	    879	      1	   87.8	   4.22	  30.54
     13	    880	      1	   87.9	   4.52	  30.54
     13	    881	      1	   88.0	   4.80	  30.54
     13	    882	      1	   88.1	   5.07	  30.54
     13	    883	      1	   88.2	   5.32	  30.54
     13	    884	      1	   88.3	   5.56	  30.54
     13	    885	      1	   88.4	   5.79	  30.54
     13	    886	      1	   88.5	   6.02	  30.54
     13	    867	      2	   86.6	   3.88	  30.54
     13	    866	      2	   86.5	   4.34	  30.54
     13	    865	      2	   86.4	   4.75	  30.54
     13	    864	      2	   86.3	   5.13	  30.54
     13	    863	      2	   86.2	   5.49	  30.54
     13	    862	      2	   86.1	   5.83	  30.54
     13	    861	      2	   86.0	   6.15	  30.54
     14	    855	      1	   85.4	   3.88	   3.88
     14	    856	      1	   85.5	   3.88	   3.88
     14	    857	      1	   85.6	   3.88	   3.88
     14	    858	      1	   85.7	   3.88	   3.88
     14	    859	      1	   85.8	   3.88	   3.88
     14	    860	      1	   85.9	   3.88	   3.88
     14	    861	      1	   86.0	   3.89	  30.54
     14	    862	      1	   86.1	   4.22	  30.54
     14	    863	      1	   86.2	   4.52	  30.54
     14	    864	      1	   86.3	   4.80	  30.54
     14	    853	      2	   85.2	   3.88	  30.54
     14	    852	      2	   85.1	   4.34	  30.54
     14	    851	      2	   85.0	   4.75	  30.54
     14	    850	      2	   84.9	   5.13	  30.54
     14	    849	      2	   84.8	   5.49	  30.54
     14	    848	      2	   84.7	   5.83	  30.54
     14	    847	      2	   84.6	   6.15	  30.54
     14	    846	      2	   84.5	   6.45	  30.54
     14	    845	      2	   84.4	   6.75	  30.54
     14	    844	      2	   84.3	   7.03	  30.54
     14	    843	      2	   84.2	   7.30	  30.54
     14	    842	      2	   84.1	   7.56	  30.54
     14	    841	      2	   84.0	   7.82	  30.54
     14	    840	      2	   83.9	   8.07	  30.54
     14	    839	      2	   83.8	   8.31	  30.54
     14	    838	      2	   83.7	   8.54	  30.54
     14	    837	      2	   83.6	   8.77	  30.54
     14	    836	      2	   83.5	   9.00	  30.54
     14	    835	      2	   83.4	   9.22	  30.54
     14	    834	      2	   83.3	   9.44	  30.54
     15	    368	      1	   36.7	   3.90	   3.90
     15	    369	      1	   36.8	   3.90	   3.90
     15	    370	      1	   36.9	   3.90	   3.90
     15	    371	      1	   37.0	   3.90	   3.90
     15	    372	      1	   37.1	   3.90	   3.90
     15	    373	      1	   37.2	   3.91	  30.54
     15	    374	      1	   37.3	   4.24	  30.54
     15	    375	      1	   37.4	   4.54	  30.54
     15	    376	      1	   37.5	   4.82	  30.54
     15	    377	      1	   37.6	   5.08	  30.54
     15	    378	      1	   37.7	   5.34	  30.54
     15	    379	      1	   37.8	   5.58	  30.54
     15	    380	      1	   37.9	   5.81	  30.54
     15	    381	      1	   38.0	   6.03	  30.54
     15	    382	      1	   38.1	   6.24	  30.54
     15	    383	      1	   38.2	   6.45	  30.54
     15	    384	      1	   38.3	   6.65	  30.54
     15	    385	      1	   38.4	   6.84	  30.54
     15	    386	      1	   38.5	   7.03	  30.54
     15	    387	      1	   38.6	   7.22	  30.54
     15	    388	      1	   38.7	   7.41	  30.54
     15	    389	      1	   38.8	   7.60	  30.54
     15	    390	      1	   38.9	   7.80	  30.54
     15	    391	      1	   39.0	   7.99	  30.54
     15	    392	      1	   39.1	   8.19	  30.54
     15	    366	      2	   36.5	   3.90	  30.54
     15	    365	      2	   36.4	   4.35	  30.54
     15	    364	      2	   36.3	   4.77	  30.54
     15	    363	      2	   36.2	   5.15	  30.54
     15	    362	      2	   36.1	   5.51	  30.54
     15	    361	      2	   36.0	   5.84	  30.54
     15	    360	      2	   35.9	   6.16	  30.54
     15	    359	      2	   35.8	   6.47	  30.54
     15	    358	      2	   35.7	   6.76	  30.54
     16	    888	      1	   88.7	   3.96	   3.96
     16	    889	      1	   88.8	   3.96	   3.96
     16	    890	      1	   88.9	   3.96	   3.96
     16	    891	      1	   89.0	   3.96	   3.96
     16	    892	      1	   89.1	   3.96	   3.96
     16	    893	      1	   89.2	   3.96	   3.96
     16	    894	      1	   89.3	   3.96	   3.96
     16	    895	      1	   89.4	   3.98	  30.54
     16	    896	      1	   89.5	   4.30	  30.54
     16	    897	      1	   89.6	   4.59	  30.54
     16	    898	      1	   89.7	   4.87	  30.54
     16	    899	      1	   89.8	   5.13	  30.54
     16	    900	      1	   89.9	   5.38	  30.54
     16	    901	      1	   90.0	   5.62	  30.54
     16	    902	      1	   90.1	   5.85	  30.54
     16	    903	      1	   90.2	   6.07	  30.54
     16	    904	      1	   90.3	   6.28	  30.54
     16	    905	      1	   90.4	   6.49	  30.54
     16	    906	      1	   90.5	   6.69	  30.54
     16	    907	      1	   90.6	   6.88	  30.54
     16	    908	      1	   90.7	   7.07	  30.54
     16	    909	      1	   90.8	   7.26	  30.54
     16	    910	      1	   90.9	   7.45	  30.54
     16	    911	      1	   91.0	   7.64	  30.54
     16	    886	      2	   88.5	   3.96	  30.54
     16	    885	      2	   88.4	   4.41	  30.54
     16	    884	      2	   88.3	   4.82	  30.54
     16	    883	      2	   88.2	   5.20	  30.54
     17	    326	      1	   32.5	   4.00	   4.00
     17	    327	      1	   32.6	   4.00	   4.00
     17	    328	      1	   32.7	   4.00	   4.00
     17	    329	      1	   32.8	   4.00	   4.00
     17	    330	      1	   32.9	   4.00	   4.00
     17	    331	      1	   33.0	   4.00	   4.00
     17	    332	      1	   33.1	   4.00	   4.00
     17	    333	      1	   33.2	   4.02	   4.24
     17	    334	      1	   33.3	   4.21	  30.54
     17	    335	      1	   33.4	   4.52	  30.54
     17	    324	      2	   32.3	   4.00	  30.54
     17	    323	      2	   32.2	   4.45	  30.54
     18	    109	      1	   10.8	   4.18	   4.18
     18	    110	      1	   10.9	   4.18	   4.18
     18	    111	      1	   11.0	   4.18	   4.18
     18	    112	      1	   11.1	   4.18	   4.18
     18	    113	      1	   11.2	   4.18	   4.18
     18	    114	      1	   11.3	   4.18	   4.18
     18	    115	      1	   11.4	   4.19	  30.54
     18	    116	      1	   11.5	   4.49	  30.54
     18	    117	      1	   11.6	   4.78	  30.54
     18	    118	      1	   11.7	   5.05	  30.54
     18	    119	      1	   11.8	   5.30	  30.54
     18	    120	      1	   11.9	   5.54	  30.54
     18	    121	      1	   12.0	   5.78	  30.54
     18	    122	      1	   12.1	   6.00	  30.54
     18	    123	      1	   12.2	   6.21	  30.54
     18	    124	      1	   12.3	   6.42	  30.54
     18	    125	      1	   12.4	   6.62	  30.54
     18	    126	      1	   12.5	   6.82	  30.54
     18	    127	      1	   12.6	   7.00	  30.54
     18	    128	      1	   12.7	   7.19	  30.54
     18	    129	      1	   12.8	   7.38	  30.54
     18	    130	      1	   12.9	   7.57	  30.54
     18	    131	      1	   13.0	   7.77	  30.54
     18	    132	      1	   13.1	   7.96	  30.54
     18	    133	      1	   13.2	   8.16	  30.54
     18	    134	      1	   13.3	   8.36	  30.54
     18	    135	      1	   13.4	   8.55	  30.54
     18	    107	      2	   10.6	   4.18	  30.54
     18	    106	      2	   10.5	   4.61	  30.54
     18	    105	      2	   10.4	   5.00	  30.54
     18	    104	      2	   10.3	   5.37	  30.54
     18	    103	      2	   10.2	   5.71	  30.54
     18	    102	      2	   10.1	   6.04	  30.54
     18	    101	      2	   10.0	   6.35	  30.54
     18	    100	      2	    9.9	   6.64	  30.54
     18	     99	      2	    9.8	   6.93	  30.54
     18	     98	      2	    9.7	   7.20	  30.54
     18	     97	      2	    9.6	   7.47	  30.54
     18	     96	      2	    9.5	   7.73	  30.54
     18	     95	      2	    9.4	   7.98	  30.54
     18	     94	      2	    9.3	   8.22	  30.54
     18	     93	      2	    9.2	   8.46	  30.54
     18	     92	      2	    9.1	   8.69	  30.54
     18	     91	      2	    9.0	   8.92	  30.54
     18	     90	      2	    8.9	   9.14	  30.54
     18	     89	      2	    8.8	   9.36	  30.54
     18	     88	      2	    8.7	   9.57	  30.54
     18	     87	      2	    8.6	   9.78	  30.54
     18	     86	      2	    8.5	   9.99	  30.54
     18	     85	      2	    8.4	  10.19	  30.54
     19	    221	      1	   22.0	   4.32	   4.32
     19	    222	      1	   22.1	   4.32	   4.32
     19	    223	      1	   22.2	   4.32	   4.32
     19	    224	      1	   22.3	   4.32	   4.32
     19	    225	      1	   22.4	   4.32	   4.32
     19	    226	      1	   22.5	   4.32	   4.32
     19	    227	      1	   22.6	   4.32	   4.32
     19	    228	      1	   22.7	   4.32	   4.32
     19	    229	      1	   22.8	   4.32	   4.32
     19	    230	      1	   22.9	   4.32	   4.32
     19	    231	      1	   23.0	   4.32	   4.32
     19	    232	      1	   23.1	   4.34	  30.54
     19	    233	      1	   23.2	   4.63	  30.54
     19	    234	      1	   23.3	   4.91	  30.54
     19	    235	      1	   23.4	   5.17	  30.54
     19	    236	      1	   23.5	   5.42	  30.54
     19	    237	      1	   23.6	   5.65	  30.54
     19	    238	      1	   23.7	   5.88	  30.54
     19	    239	      1	   23.8	   6.10	  30.54
     19	    240	      1	   23.9	   6.31	  30.54
     19	    219	      2	   21.8	   4.32	  30.54
     19	    218	      2	   21.7	   4.74	  30.54
     19	    217	      2	   21.6	   5.12	  30.54
     19	    216	      2	   21.5	   5.48	  30.54
     19	    215	      2	   21.4	   5.82	  30.54
     20	    756	      1	   75.5	   4.35	   4.35
     20	    754	      2	   75.3	   4.35	  30.54
     21	    570	      1	   56.9	   4.36	   4.36
     21	    571	      1	   57.0	   4.36	   4.36
     21	    572	      1	   57.1	   4.36	   4.36
     21	    573	      1	   57.2	   4.36	   4.36
     21	    574	      1	   57.3	   4.36	   4.36
     21	    575	      1	   57.4	   4.36	   4.36
     21	    576	      1	   57.5	   4.36	   4.36
     21	    577	      1	   57.6	   4.36	   4.36
     21	    578	      1	   57.7	   4.36	   4.36
     21	    579	      1	   57.8	   4.36	   4.36
     21	    580	      1	   57.9	   4.36	   4.36
     21	    581	      1	   58.0	   4.36	   4.36
     21	    582	      1	   58.1	   4.36	   4.36
     21	    583	      1	   58.2	   4.37	   4.47
     21	    584	      1	   58.3	   4.49	  30.54
     21	    585	      1	   58.4	   4.78	  30.54
     21	    586	      1	   58.5	   5.05	  30.54
     21	    587	      1	   58.6	   5.30	  30.54
     21	    588	      1	   58.7	   5.54	  30.54
     21	    589	      1	   58.8	   5.77	   9.15
     21	    590	      1	   58.9	   6.00	   9.15
     21	    591	      1	   59.0	   6.21	   9.15
     21	    592	      1	   59.1	   6.42	   9.15
     21	    593	      1	   59.2	   6.62	   9.15
     21	    594	      1	   59.3	   6.82	   9.15
     21	    595	      1	   59.4	   7.00	   9.15
     21	    596	      1	   59.5	   7.19	   9.15
     21	    597	      1	   59.6	   7.38	   9.15
     21	    598	      1	   59.7	   7.57	   9.15
     21	    599	      1	   59.8	   7.75	   9.15
     21	    600	      1	   59.9	   7.92	   9.15
     21	    601	      1	   60.0	   8.07	   9.15
     21	    602	      1	   60.1	   8.22	   9.15
     21	    603	      1	   60.2	   8.35	   9.15
     21	    604	      1	   60.3	   8.47	   9.15
     21	    568	      2	   56.7	   4.36	   4.84
     21	    567	      2	   56.6	   4.60	   6.95
     21	    566	      2	   56.5	   4.96	   6.95
     21	    565	      2	   56.4	   5.27	   6.95
     21	    564	      2	   56.3	   5.56	   6.95
     21	    563	      2	   56.2	   5.82	   6.95
     21	    562	      2	   56.1	   6.04	   6.95
     21	    561	      2	   56.0	   6.25	   6.95
     21	    560	      2	   55.9	   6.42	   6.81
     22	    274	      1	   27.3	   4.37	   4.37
     22	    272	      2	   27.1	   4.37	  30.54
     23	    770	      1	   76.9	   4.44	   4.44
     23	    771	      1	   77.0	   4.44	   4.44
     23	    772	      1	   77.1	   4.44	   4.44
     23	    773	      1	   77.2	   4.44	   4.44
     23	    774	      1	   77.3	   4.44	   4.44
     23	    775	      1	   77.4	   4.44	   4.44
     23	    776	      1	   77.5	   4.44	   4.44
     23	    777	      1	   77.6	   4.44	   4.44
     23	    778	      1	   77.7	   4.46	  30.54
     23	    779	      1	   77.8	   4.74	  30.54
     23	    780	      1	   77.9	   5.01	  30.54
     23	    781	      1	   78.0	   5.27	  30.54
     23	    782	      1	   78.1	   5.51	   5.73
     23	    783	      1	   78.2	   5.64	   5.73
     23	    784	      1	   78.3	   5.72	   5.73
     23	    785	      1	   78.4	   5.73	   5.73
     23	    786	      1	   78.5	   5.73	   5.73
     23	    787	      1	   78.6	   5.73	   5.73
     23	    788	      1	   78.7	   5.73	   5.73
     23	    789	      1	   78.8	   5.73	   5.73
     23	    790	      1	   78.9	   5.73	   5.73
     23	    791	      1	   79.0	   5.73	   5.73
     23	    792	      1	   79.1	   5.73	   5.73
     23	    793	      1	   79.2	   5.73	   5.73
     23	    794	      1	   79.3	   5.73	   5.73
     23	    795	      1	   79.4	   5.73	  30.54
     23	    796	      1	   79.5	   5.96	  30.54
     23	    797	      1	   79.6	   6.18	  30.54
     23	    798	      1	   79.7	   6.38	  30.54
     23	    799	      1	   79.8	   6.59	  30.54
     23	    800	      1	   79.9	   6.78	  30.54
     23	    801	      1	   80.0	   6.97	  30.54
     23	    802	      1	   80.1	   7.16	  30.54
     23	    803	      1	   80.2	   7.35	  30.54
     23	    804	      1	   80.3	   7.54	  30.54
     23	    805	      1	   80.4	   7.73	  30.54
     23	    806	      1	   80.5	   7.93	  30.54
     23	    807	      1	   80.6	   8.13	  30.54
     23	    808	      1	   80.7	   8.32	  30.54
     23	    809	      1	   80.8	   8.52	  30.54
     23	    810	      1	   80.9	   8.71	  30.54
     23	    811	      1	   81.0	   8.89	  30.54
     23	    812	      1	   81.1	   9.07	  30.54
     23	    813	      1	   81.2	   9.24	  30.54
     23	    814	      1	   81.3	   9.41	  30.54
     23	    815	      1	   81.4	   9.58	  30.54
     23	    816	      1	   81.5	   9.74	  30.54
     23	    768	      2	   76.7	   4.44	  30.54
     23	    767	      2	   76.6	   4.85	  30.54
     24	    631	      1	   63.0	   4.46	   4.46
     24	    632	      1	   63.1	   4.46	   4.46
     24	    633	      1	   63.2	   4.46	   4.46
     24	    634	      1	   63.3	   4.46	   4.46
     24	    635	      1	   63.4	   4.46	   4.46
     24	    636	      1	   63.5	   4.46	   4.46
     24	    637	      1	   63.6	   4.46	   4.46
     24	    638	      1	   63.7	   4.47	  30.54
     24	    639	      1	   63.8	   4.76	  30.54
     24	    640	      1	   63.9	   5.03	  30.54
     24	    641	      1	   64.0	   5.28	  30.54
     24	    642	      1	   64.1	   5.53	  30.54
     24	    643	      1	   64.2	   5.76	  30.54
     24	    644	      1	   64.3	   5.98	  30.54
     24	    645	      1	   64.4	   6.20	  30.54
     24	    646	      1	   64.5	   6.41	  30.54
     24	    647	      1	   64.6	   6.61	  30.54
     24	    648	      1	   64.7	   6.80	  30.54
     24	    649	      1	   64.8	   6.99	  30.54
     24	    650	      1	   64.9	   7.18	  30.54
     24	    651	      1	   65.0	   7.37	  30.54
     24	    629	      2	   62.8	   4.46	   4.51
     24	    628	      2	   62.7	   4.55	  30.54
     24	    627	      2	   62.6	   4.94	  30.54
     24	    626	      2	   62.5	   5.31	  30.54
     24	    625	      2	   62.4	   5.66	  30.54
     24	    624	      2	   62.3	   5.99	  30.54
     24	    623	      2	   62.2	   6.30	  30.54
     24	    622	      2	   62.1	   6.60	  30.54
     24	    621	      2	   62.0	   6.89	  30.54
     24	    620	      2	   61.9	   7.16	  30.54
     24	    619	      2	   61.8	   7.43	  30.54
     24	    618	      2	   61.7	   7.69	  30.54
     25	     79	      1	    7.8	   4.71	   4.71
     25	     80	      1	    7.9	   4.71	   4.71
     25	     81	      1	    8.0	   4.71	   4.71
     25	     82	      1	    8.1	   4.71	   4.71
     25	     83	      1	    8.2	   4.71	   4.71
     25	     84	      1	    8.3	   4.71	   4.71
     25	     85	      1	    8.4	   4.72	  30.54
     25	     86	      1	    8.5	   4.99	  30.54
     25	     87	      1	    8.6	   5.25	  30.54
     25	     88	      1	    8.7	   5.49	  30.54
     25	     89	      1	    8.8	   5.73	  30.54
     25	     90	      1	    8.9	   5.95	  30.54
     25	     91	      1	    9.0	   6.17	  30.54
     25	     92	      1	    9.1	   6.38	  30.54
     25	     93	      1	    9.2	   6.58	  30.54
     25	     94	      1	    9.3	   6.78	  30.54
     25	     95	      1	    9.4	   6.97	  30.54
     25	     96	      1	    9.5	   7.15	  30.54
     25	     97	      1	    9.6	   7.34	  30.54
     25	     77	      2	    7.6	   4.71	  30.54
     25	     76	      2	    7.5	   5.10	  30.54
     25	     75	      2	    7.4	   5.46	  30.54
     25	     74	      2	    7.3	   5.80	  30.54
     25	     73	      2	    7.2	   6.12	  30.54
     25	     72	      2	    7.1	   6.42	  30.54
     26	    540	      1	   53.9	   4.90	   4.90
     26	    541	      1	   54.0	   4.90	   4.90
     26	    542	      1	   54.1	   4.90	   4.90
     26	    543	      1	   54.2	   4.90	   4.90
     26	    544	      1	   54.3	   4.90	   4.90
     26	    545	      1	   54.4	   4.90	   4.90
     26	    546	      1	   54.5	   4.90	   4.90
     26	    547	      1	   54.6	   4.90	   4.90
     26	    548	      1	   54.7	   4.90	   4.90
     26	    549	      1	   54.8	   4.90	   4.90
     26	    550	      1	   54.9	   4.90	   4.90
     26	    551	      1	   55.0	   4.90	   4.90
     26	    552	      1	   55.1	   4.90	   4.90
     26	    553	      1	   55.2	   4.90	   4.90
     26	    554	      1	   55.3	   4.90	   4.90
     26	    555	      1	   55.4	   4.90	   4.90
     26	    556	      1	   55.5	   4.90	   4.90
     26	    557	      1	   55.6	   4.90	   4.90
     26	    558	      1	   55.7	   4.90	   4.90
     26	    559	      1	   55.8	   4.90	   4.90
     26	    560	      1	   55.9	   4.91	   6.81
     26	    561	      1	   56.0	   5.17	   6.95
     26	    562	      1	   56.1	   5.42	   6.95
     26	    563	      1	   56.2	   5.66	   6.95
     26	    538	      2	   53.7	   4.90	   4.91
     26	    537	      2	   53.6	   4.94	   6.94
     26	    536	      2	   53.5	   5.26	   6.94
     26	    535	      2	   53.4	   5.54	   6.94
     26	    534	      2	   53.3	   5.80	   6.94
     26	    533	      2	   53.2	   6.03	   6.94
     26	    532	      2	   53.1	   6.23	   6.94
     26	    531	      2	   53.0	   6.41	   6.94
     26	    530	      2	   52.9	   6.57	   6.94
     26	    529	      2	   52.8	   6.70	   6.94
     26	    528	      2	   52.7	   6.80	   6.94
     26	    527	      2	   52.6	   6.88	   6.94
     26	    526	      2	   52.5	   6.94	   6.94
     26	    525	      2	   52.4	   6.96	  30.54
     26	    524	      2	   52.3	   7.23	  30.54
     26	    523	      2	   52.2	   7.50	  30.54
     26	    522	      2	   52.1	   7.75	  30.54
     26	    521	      2	   52.0	   8.00	  30.54
     26	    520	      2	   51.9	   8.25	  30.54
     26	    519	      2	   51.8	   8.48	  30.54
     26	    518	      2	   51.7	   8.72	  30.54
     26	    517	      2	   51.6	   8.94	  30.54
     26	    516	      2	   51.5	   9.16	  30.54
     26	    515	      2	   51.4	   9.38	  30.54
     26	    514	      2	   51.3	   9.60	  30.54
     26	    513	      2	   51.2	   9.80	  30.54
     26	    512	      2	   51.1	  10.01	  30.54
     26	    511	      2	   51.0	  10.21	  30.54
     26	    510	      2	   50.9	  10.41	  30.54
     26	    509	      2	   50.8	  10.61	  30.54
     26	    508	      2	   50.7	  10.80	  30.54
     26	    507	      2	   50.6	  11.00	  30.54
     26	    506	      2	   50.5	  11.18	  30.54
     26	    505	      2	   50.4	  11.37	  30.54
     26	    504	      2	   50.3	  11.56	  30.54
     26	    503	      2	   50.2	  11.74	  30.54
     26	    502	      2	   50.1	  11.92	  30.54
     27	    137	      1	   13.6	   4.99	   4.99
     27	    138	      1	   13.7	   4.99	   4.99
     27	    139	      1	   13.8	   4.99	   4.99
     27	    140	      1	   13.9	   4.99	   4.99
     27	    141	      1	   14.0	   4.99	   4.99
     27	    142	      1	   14.1	   4.99	   4.99
     27	    143	      1	   14.2	   4.99	   4.99
     27	    144	      1	   14.3	   4.99	   4.99
     27	    145	      1	   14.4	   4.99	   4.99
     27	    146	      1	   14.5	   4.99	   4.99
     27	    147	      1	   14.6	   5.00	  15.38
     27	    148	      1	   14.7	   5.26	  30.54
     27	    149	      1	   14.8	   5.50	  30.54
     27	    150	      1	   14.9	   5.74	  30.54
     27	    151	      1	   15.0	   5.96	  30.54
     27	    152	      1	   15.1	   6.18	  30.54
     27	    153	      1	   15.2	   6.39	  30.54
     27	    154	      1	   15.3	   6.59	  30.54
     27	    155	      1	   15.4	   6.78	  30.54
     27	    156	      1	   15.5	   6.97	  30.54
     27	    157	      1	   15.6	   7.16	  30.54
     27	    158	      1	   15.7	   7.35	  30.54
     27	    135	      2	   13.4	   4.99	  30.54
     27	    134	      2	   13.3	   5.36	  30.54
     27	    133	      2	   13.2	   5.71	  30.54
     27	    132	      2	   13.1	   6.03	  30.54
     27	    131	      2	   13.0	   6.34	  30.54
     27	    130	      2	   12.9	   6.64	  30.54
     27	    129	      2	   12.8	   6.92	  30.54
     28	    308	      1	   30.7	   5.03	   5.03
     28	    309	      1	   30.8	   5.03	   5.03
     28	    306	      2	   30.5	   5.03	  30.54
     28	    305	      2	   30.4	   5.39	  30.54
     28	    304	      2	   30.3	   5.74	  30.54
     28	    303	      2	   30.2	   6.06	  30.54
     28	    302	      2	   30.1	   6.37	  30.54
     29	    721	      1	   72.0	   5.07	   5.07
     29	    722	      1	   72.1	   5.07	   5.07
     29	    723	      1	   72.2	   5.07	   5.07
     29	    724	      1	   72.3	   5.07	   5.07
     29	    725	      1	   72.4	   5.07	   5.07
     29	    726	      1	   72.5	   5.07	   5.07
     29	    727	      1	   72.6	   5.07	   5.07
     29	    728	      1	   72.7	   5.07	   5.07
     29	    729	      1	   72.8	   5.07	   5.07
     29	    730	      1	   72.9	   5.07	   5.07
     29	    731	      1	   73.0	   5.07	   5.07
     29	    732	      1	   73.1	   5.08	  30.54
     29	    733	      1	   73.2	   5.33	  30.54
     29	    734	      1	   73.3	   5.57	  30.54
     29	    735	      1	   73.4	   5.81	  30.54
     29	    736	      1	   73.5	   6.03	  30.54
     29	    719	      2	   71.8	   5.07	  30.54
     29	    718	      2	   71.7	   5.43	  30.54
     29	    717	      2	   71.6	   5.77	  30.54
     29	    716	      2	   71.5	   6.10	  30.54
     29	    715	      2	   71.4	   6.40	  30.54
     29	    714	      2	   71.3	   6.70	  30.54
     29	    713	      2	   71.2	   6.98	  30.54
     29	    712	      2	   71.1	   7.26	  30.54
     29	    711	      2	   71.0	   7.52	  30.54
     29	    710	      2	   70.9	   7.78	  30.54
     29	    709	      2	   70.8	   8.03	  30.54
     29	    708	      2	   70.7	   8.27	  30.54
     29	    707	      2	   70.6	   8.51	  30.54
     29	    706	      2	   70.5	   8.74	  30.54
     29	    705	      2	   70.4	   8.96	  30.54
     29	    704	      2	   70.3	   9.18	  30.54
     29	    703	      2	   70.2	   9.40	  30.54
     29	    702	      2	   70.1	   9.61	  30.54
     29	    701	      2	   70.0	   9.82	  30.54
     29	    700	      2	   69.9	  10.03	  30.54
     29	    699	      2	   69.8	  10.23	  30.54
     30	    687	      1	   68.6	   5.24	   5.24
     30	    688	      1	   68.7	   5.24	   5.24
     30	    689	      1	   68.8	   5.24	   5.24
     30	    690	      1	   68.9	   5.24	   5.24
     30	    691	      1	   69.0	   5.24	   5.24
     30	    692	      1	   69.1	   5.24	   5.24
     30	    693	      1	   69.2	   5.24	   5.24
     30	    694	      1	   69.3	   5.24	   5.24
     30	    695	      1	   69.4	   5.24	   5.24
     30	    696	      1	   69.5	   5.24	   5.24
     30	    697	      1	   69.6	   5.24	   5.24
     30	    698	      1	   69.7	   5.24	   5.24
     30	    699	      1	   69.8	   5.25	  30.54
     30	    700	      1	   69.9	   5.49	  30.54
     30	    701	      1	   70.0	   5.73	  30.54
     30	    702	      1	   70.1	   5.95	  30.54
     30	    703	      1	   70.2	   6.17	  30.54
     30	    704	      1	   70.3	   6.38	  30.54
     30	    705	      1	   70.4	   6.58	  30.54
     30	    706	      1	   70.5	   6.78	  30.54
     30	    707	      1	   70.6	   6.97	  30.54
     30	    708	      1	   70.7	   7.15	  30.54
     30	    709	      1	   70.8	   7.34	  30.54
     30	    710	      1	   70.9	   7.54	  30.54
     30	    685	      2	   68.4	   5.24	  30.54
     30	    684	      2	   68.3	   5.59	  30.54
     30	    683	      2	   68.2	   5.92	  30.54
     30	    682	      2	   68.1	   6.24	  30.54
     30	    681	      2	   68.0	   6.54	  30.54
     30	    680	      2	   67.9	   6.83	  30.54
     30	    679	      2	   67.8	   7.11	  30.54
     30	    678	      2	   67.7	   7.38	  30.54
     30	    677	      2	   67.6	   7.64	  30.54
     30	    676	      2	   67.5	   7.89	  30.54
     30	    675	      2	   67.4	   8.14	  30.54
     30	    674	      2	   67.3	   8.38	  30.54
     30	    673	      2	   67.2	   8.61	  30.54
     30	    672	      2	   67.1	   8.84	  30.54
     30	    671	      2	   67.0	   9.07	  30.54
     30	    670	      2	   66.9	   9.28	  30.54
     30	    669	      2	   66.8	   9.50	  30.54
     31	    653	      1	   65.2	   5.56	   5.56
     31	    654	      1	   65.3	   5.56	   5.56
     31	    655	      1	   65.4	   5.56	   5.56
     31	    656	      1	   65.5	   5.56	   5.56
     31	    657	      1	   65.6	   5.56	   5.56
     31	    658	      1	   65.7	   5.56	   5.56
     31	    659	      1	   65.8	   5.56	   5.56
     31	    660	      1	   65.9	   5.56	   5.56
     31	    661	      1	   66.0	   5.56	   5.56
     31	    662	      1	   66.1	   5.56	   5.56
     31	    663	      1	   66.2	   5.56	   5.56
     31	    664	      1	   66.3	   5.56	   5.56
     31	    665	      1	   66.4	   5.56	   5.56
     31	    666	      1	   66.5	   5.56	   5.56
     31	    667	      1	   66.6	   5.56	   5.56
     31	    668	      1	   66.7	   5.56	   5.56
     31	    669	      1	   66.8	   5.57	  30.54
     31	    670	      1	   66.9	   5.80	  30.54
     31	    671	      1	   67.0	   6.02	  30.54
     31	    672	      1	   67.1	   6.23	  30.54
     31	    673	      1	   67.2	   6.44	  30.54
     31	    674	      1	   67.3	   6.64	  30.54
     31	    675	      1	   67.4	   6.84	  30.54
     31	    676	      1	   67.5	   7.02	  30.54
     31	    677	      1	   67.6	   7.21	  30.54
     31	    651	      2	   65.0	   5.56	  30.54
     31	    650	      2	   64.9	   5.89	  30.54
     31	    649	      2	   64.8	   6.21	  30.54
     31	    648	      2	   64.7	   6.51	  30.54
     32	    783	      1	   78.2	   5.73	   5.73
     32	    781	      2	   78.0	   5.73	  30.54
     33	    482	      1	   48.1	   5.80	   5.80
     33	    483	      1	   48.2	   5.80	   5.80
     33	    484	      1	   48.3	   5.80	   5.80
     33	    485	      1	   48.4	   5.80	   5.80
     33	    486	      1	   48.5	   5.80	   5.80
     33	    487	      1	   48.6	   5.80	   5.80
     33	    488	      1	   48.7	   5.80	   5.80
     33	    489	      1	   48.8	   5.80	   5.80
     33	    490	      1	   48.9	   5.80	   5.80
     33	    491	      1	   49.0	   5.80	   5.80
     33	    492	      1	   49.1	   5.80	   5.80
     33	    493	      1	   49.2	   5.80	   5.80
     33	    494	      1	   49.3	   5.80	   5.80
     33	    495	      1	   49.4	   5.80	   5.80
     33	    496	      1	   49.5	   5.80	   5.80
     33	    497	      1	   49.6	   5.80	   5.80
     33	    498	      1	   49.7	   5.80	   5.80
     33	    499	      1	   49.8	   5.80	   5.80
     33	    500	      1	   49.9	   5.80	   5.80
     33	    501	      1	   50.0	   5.80	   5.80
     33	    502	      1	   50.1	   5.81	  30.54
     33	    503	      1	   50.2	   6.03	  30.54
     33	    504	      1	   50.3	   6.25	  30.54
     33	    505	      1	   50.4	   6.45	  30.54
     33	    506	      1	   50.5	   6.65	  30.54
     33	    507	      1	   50.6	   6.85	  30.54
     33	    508	      1	   50.7	   7.03	  30.54
     33	    509	      1	   50.8	   7.22	  30.54
     33	    510	      1	   50.9	   7.41	  30.54
     33	    511	      1	   51.0	   7.60	  30.54
     33	    512	      1	   51.1	   7.80	  30.54
     33	    513	      1	   51.2	   7.99	  30.54
     33	    514	      1	   51.3	   8.19	  30.54
     33	    515	      1	   51.4	   8.39	  30.54
     33	    516	      1	   51.5	   8.58	  30.54
     33	    517	      1	   51.6	   8.77	  30.54
     33	    480	      2	   47.9	   5.80	  30.54
     33	    479	      2	   47.8	   6.13	  30.54
     34	    606	      1	   60.5	   6.13	   6.13
     34	    607	      1	   60.6	   6.13	   6.13
     34	    608	      1	   60.7	   6.13	   6.13
     34	    609	      1	   60.8	   6.13	   6.13
     34	    610	      1	   60.9	   6.13	   6.13
     34	    611	      1	   61.0	   6.13	   6.13
     34	    612	      1	   61.1	   6.13	   6.13
     34	    613	      1	   61.2	   6.13	   6.13
     34	    614	      1	   61.3	   6.13	   6.13
     34	    615	      1	   61.4	   6.13	   6.13
     34	    616	      1	   61.5	   6.13	   6.13
     34	    617	      1	   61.6	   6.13	   6.13
     34	    618	      1	   61.7	   6.13	  30.54
     34	    619	      1	   61.8	   6.34	  30.54
     34	    620	      1	   61.9	   6.55	  30.54
     34	    621	      1	   62.0	   6.74	  30.54
     34	    604	      2	   60.3	   6.13	   9.15
     34	    603	      2	   60.2	   6.40	   9.15
     34	    602	      2	   60.1	   6.66	   9.15
     34	    601	      2	   60.0	   6.90	   9.15
     34	    600	      2	   59.9	   7.12	   9.15
     34	    599	      2	   59.8	   7.33	   9.15
     34	    598	      2	   59.7	   7.53	   9.15
     35	    913	      1	   91.2	   6.13	   6.13
     35	    914	      1	   91.3	   6.13	   6.13
     35	    915	      1	   91.4	   6.13	   6.13
     35	    916	      1	   91.5	   6.13	   6.13
     35	    917	      1	   91.6	   6.13	   6.13
     35	    918	      1	   91.7	   6.13	   6.13
     35	    919	      1	   91.8	   6.13	   6.13
     35	    920	      1	   91.9	   6.13	   6.13
     35	    921	      1	   92.0	   6.13	   6.13
     35	    922	      1	   92.1	   6.13	   6.13
     35	    923	      1	   92.2	   6.13	   6.13
     35	    924	      1	   92.3	   6.13	   6.13
     35	    925	      1	   92.4	   6.14	   7.01
     35	    926	      1	   92.5	   6.33	  30.54
     35	    927	      1	   92.6	   6.53	  30.54
     35	    928	      1	   92.7	   6.73	  30.54
     35	    929	      1	   92.8	   6.92	  30.54
     35	    930	      1	   92.9	   7.11	  30.54
     35	    931	      1	   93.0	   7.30	  30.54
     35	    932	      1	   93.1	   7.49	  30.54
     35	    933	      1	   93.2	   7.68	  30.54
     35	    934	      1	   93.3	   7.88	  30.54
     35	    935	      1	   93.4	   8.07	  30.54
     35	    936	      1	   93.5	   8.27	  30.54
     35	    937	      1	   93.6	   8.47	  30.54
     35	    938	      1	   93.7	   8.66	  30.54
     35	    939	      1	   93.8	   8.85	  30.54
     35	    940	      1	   93.9	   9.02	  30.54
     35	    941	      1	   94.0	   9.20	  30.54
     35	    942	      1	   94.1	   9.37	  30.54
     35	    943	      1	   94.2	   9.53	  30.54
     35	    944	      1	   94.3	   9.70	  30.54
     35	    911	      2	   91.0	   6.13	  30.54
     35	    910	      2	   90.9	   6.44	  30.54
     35	    909	      2	   90.8	   6.73	  30.54
     35	    908	      2	   90.7	   7.01	  30.54
     36	    394	      1	   39.3	   6.22	   6.22
     36	    395	      1	   39.4	   6.22	   6.22
     36	    396	      1	   39.5	   6.22	   6.22
     36	    397	      1	   39.6	   6.22	   6.22
     36	    398	      1	   39.7	   6.22	   6.22
     36	    399	      1	   39.8	   6.22	   6.22
     36	    400	      1	   39.9	   6.22	   6.22
     36	    401	      1	   40.0	   6.22	   6.22
     36	    402	      1	   40.1	   6.22	   6.22
     36	    403	      1	   40.2	   6.22	   6.22
     36	    404	      1	   40.3	   6.22	   6.22
     36	    405	      1	   40.4	   6.22	   6.22
     36	    406	      1	   40.5	   6.22	  30.54
     36	    407	      1	   40.6	   6.43	  30.54
     36	    408	      1	   40.7	   6.63	  30.54
     36	    409	      1	   40.8	   6.82	  30.54
     36	    410	      1	   40.9	   7.01	  30.54
     36	    411	      1	   41.0	   7.20	  30.54
     36	    412	      1	   41.1	   7.39	  30.54
     36	    413	      1	   41.2	   7.58	  30.54
     36	    414	      1	   41.3	   7.78	  30.54
     36	    392	      2	   39.1	   6.22	  30.54
     36	    391	      2	   39.0	   6.52	  30.54
     36	    390	      2	   38.9	   6.81	  30.54
     36	    389	      2	   38.8	   7.09	  30.54
     36	    388	      2	   38.7	   7.36	  30.54
     37	    946	      1	   94.5	   6.50	   6.50
     37	    947	      1	   94.6	   6.50	   6.50
     37	    948	      1	   94.7	   6.50	   6.50
     37	    949	      1	   94.8	   6.50	   6.50
     37	    950	      1	   94.9	   6.50	   6.50
     37	    951	      1	   95.0	   6.50	   6.50
     37	    952	      1	   95.1	   6.50	   6.50
     37	    953	      1	   95.2	   6.50	   6.50
     37	    954	      1	   95.3	   6.50	   6.50
     37	    955	      1	   95.4	   6.50	   6.50
     37	    956	      1	   95.5	   6.50	   6.50
     37	    957	      1	   95.6	   6.50	   6.50
     37	    958	      1	   95.7	   6.50	   6.89
     37	    959	      1	   95.8	   6.63	  30.54
     37	    960	      1	   95.9	   6.82	  30.54
     37	    961	      1	   96.0	   7.01	  30.54
     37	    962	      1	   96.1	   7.20	  30.54
     37	    963	      1	   96.2	   7.39	  30.54
     37	    964	      1	   96.3	   7.58	  30.54
     37	    965	      1	   96.4	   7.78	  30.54
     37	    966	      1	   96.5	   7.97	  30.54
     37	    967	      1	   96.6	   8.17	  30.54
     37	    968	      1	   96.7	   8.37	  30.54
     37	    969	      1	   96.8	   8.56	  30.54
     37	    970	      1	   96.9	   8.75	  30.54
     37	    971	      1	   97.0	   8.93	  30.54
     37	    972	      1	   97.1	   9.11	  30.54
     37	    973	      1	   97.2	   9.28	  30.54
     37	    974	      1	   97.3	   9.45	  17.74
     37	    975	      1	   97.4	   9.61	  11.25
     37	    976	      1	   97.5	   9.75	  11.25
     37	    977	      1	   97.6	   9.87	  11.25
     37	    978	      1	   97.7	   9.99	  11.25
     37	    979	      1	   97.8	  10.11	  11.25
     37	    980	      1	   97.9	  10.22	  11.25
     37	    981	      1	   98.0	  10.32	  11.25
     37	    982	      1	   98.1	  10.42	  11.25
     37	    983	      1	   98.2	  10.51	  11.25
     37	    984	      1	   98.3	  10.59	  11.25
     37	    985	      1	   98.4	  10.67	  11.25
     37	    986	      1	   98.5	  10.75	  11.25
     37	    987	      1	   98.6	  10.82	  11.25
     37	    988	      1	   98.7	  10.88	  11.25
     37	    989	      1	   98.8	  10.94	  11.25
     37	    990	      1	   98.9	  10.99	  11.25
     37	    991	      1	   99.0	  11.04	  11.25
     37	    992	      1	   99.1	  11.09	  11.25
     37	    993	      1	   99.2	  11.12	  11.25
     37	    994	      1	   99.3	  11.16	  11.25
     37	    995	      1	   99.4	  11.18	  11.25
     37	    996	      1	   99.5	  11.21	  11.25
     37	    997	      1	   99.6	  11.22	  11.25
     37	    998	      1	   99.7	  11.24	  30.54
     37	    999	      1	   99.8	  11.39	  30.54
     37	   1000	      1	   99.9	  11.53	  30.54
     37	   1001	      1	  100.0	  11.68	  30.54
     37	   1002	      1	  100.1	  11.83	  30.54
     37	   1003	      1	  100.2	  11.97	  30.54
     37	   1004	      1	  100.3	  12.11	  30.54
     37	   1005	      1	  100.4	  12.25	  30.54
     37	   1006	      1	  100.5	  12.39	  30.54
     37	   1007	      1	  100.6	  12.53	  30.54
     37	   1008	      1	  100.7	  12.67	  30.54
     37	   1009	      1	  100.8	  12.82	  30.54
     37	   1010	      1	  100.9	  12.96	  30.54
     37	   1011	      1	  101.0	  13.11	  30.54
     37	   1012	      1	  101.1	  13.26	  30.54
     37	   1013	      1	  101.2	  13.41	  30.54
     37	   1014	      1	  101.3	  13.56	  30.54
     37	   1015	      1	  101.4	  13.68	  30.54
     37	   1016	      1	  101.5	  13.77	  30.54
     37	   1017	      1	  101.6	  13.86	  30.54
     37	   1018	      1	  101.7	  13.95	  30.54
     37	   1019	      1	  101.8	  14.04	  30.54
     37	   1020	      1	  101.9	  14.12	  30.54
     37	   1021	      1	  102.0	  14.21	  30.54
     37	    944	      2	   94.3	   6.50	  30.54
     37	    943	      2	   94.2	   6.79	  30.54
     37	    942	      2	   94.1	   7.07	  30.54
     37	    941	      2	   94.0	   7.34	  30.54
     37	    940	      2	   93.9	   7.60	  30.54
     37	    939	      2	   93.8	   7.85	  30.54
     37	    938	      2	   93.7	   8.10	  30.54
     37	    937	      2	   93.6	   8.34	  30.54
     38	    819	      1	   81.8	   7.04	   7.04
     38	    820	      1	   81.9	   7.04	   7.04
     38	    821	      1	   82.0	   7.04	   7.04
     38	    822	      1	   82.1	   7.04	   7.04
     38	    823	      1	   82.2	   7.04	   7.04
     38	    824	      1	   82.3	   7.04	   7.04
     38	    825	      1	   82.4	   7.04	   7.04
     38	    826	      1	   82.5	   7.04	   7.04
     38	    827	      1	   82.6	   7.04	   7.04
     38	    828	      1	   82.7	   7.04	   7.04
     38	    829	      1	   82.8	   7.04	   7.04
     38	    830	      1	   82.9	   7.04	   7.04
     38	    831	      1	   83.0	   7.04	   7.04
     38	    832	      1	   83.1	   7.04	   7.04
     38	    833	      1	   83.2	   7.04	   7.04
     38	    834	      1	   83.3	   7.05	  30.54
     38	    835	      1	   83.4	   7.24	  30.54
     38	    836	      1	   83.5	   7.43	  30.54
     38	    837	      1	   83.6	   7.62	  30.54
     38	    838	      1	   83.7	   7.81	  30.54
     38	    839	      1	   83.8	   8.01	  30.54
     38	    817	      2	   81.6	   7.04	   8.80
     38	    816	      2	   81.5	   7.25	  30.54
     38	    815	      2	   81.4	   7.51	  30.54
     38	    814	      2	   81.3	   7.77	  30.54
     38	    813	      2	   81.2	   8.02	  30.54
     38	    812	      2	   81.1	   8.26	  30.54
     38	    811	      2	   81.0	   8.50	  30.54
     39	    452	      1	   45.1	  10.13	  10.13
     39	    450	      2	   44.9	  10.13	  10.72
     40	    976	      1	   97.5	  11.25	  11.25
     40	    974	      2	   97.3	  11.25	  17.74
________________________________________________
Velocity profile calculated successfully.
Solver time is: 0.157580 [s]
Post-processing initialised.
Correct solution selected from modes.
Laptime calculated.
Forces calculated.
Yaw motion calculated.
Steering angles calculated.
Vehicle slip angles calculated.
Engine metrics calculated.
KPIs calculated.
Post-processing finished.
Simulation results saved.
Simulation completed.
Efficiency Score  : 100.000 [s]
Laptime   :  20.421 [s]
Sector   1:  20.359 [s]
Plots created and saved.
Export initialised.
Exported .csv file successfully.
Elapsed time is: 7.065830 [s]
