_______                    _____________________ 
__  __ \______________________  /___    |__  __ \
_  / / /__  __ \  _ \_  __ \_  / __  /| |_  /_/ /
/ /_/ /__  /_/ /  __/  / / /  /___  ___ |  ____/ 
\____/ _  .___/\___//_/ /_//_____/_/  |_/_/      
       /_/                                       
=================================================
Vehicle: WUFR23
Track:   drsPassingZone
Date:    25/10/2023
Time:    17:33:16
=================================================
Simulation started.
Maximum speed calculated at all points.
Found all apexes on track.
Starting acceleration and deceleration.
Running: [|||||||||||||||||             ]  59 [%]
________________________________________________
|_Apex__|_Point_|_Mode__|___x___|___v___|_vmax_|
      1	    610	      1	   60.9	  10.14	  10.14
      1	    611	      1	   61.0	  10.14	  10.14
      1	    612	      1	   61.1	  10.14	  10.14
      1	    613	      1	   61.2	  10.14	  10.14
      1	    614	      1	   61.3	  10.14	  10.14
      1	    615	      1	   61.4	  10.14	  10.14
      1	    616	      1	   61.5	  10.14	  10.14
      1	    617	      1	   61.6	  10.14	  10.14
      1	    618	      1	   61.7	  10.14	  10.14
      1	    619	      1	   61.8	  10.14	  10.14
      1	    620	      1	   61.9	  10.14	  10.14
      1	    621	      1	   62.0	  10.14	  10.14
      1	    622	      1	   62.1	  10.14	  10.14
      1	    623	      1	   62.2	  10.14	  10.14
      1	    624	      1	   62.3	  10.14	  10.14
      1	    625	      1	   62.4	  10.14	  10.14
      1	    626	      1	   62.5	  10.14	  10.14
      1	    627	      1	   62.6	  10.14	  10.14
      1	    628	      1	   62.7	  10.14	  10.14
      1	    629	      1	   62.8	  10.14	  10.14
      1	    630	      1	   62.9	  10.14	  10.14
      1	    631	      1	   63.0	  10.14	  10.14
      1	    632	      1	   63.1	  10.14	  10.14
      1	    633	      1	   63.2	  10.14	  10.14
      1	    634	      1	   63.3	  10.14	  10.14
      1	    635	      1	   63.4	  10.14	  10.14
      1	    636	      1	   63.5	  10.14	  10.14
      1	    637	      1	   63.6	  10.14	  10.14
      1	    638	      1	   63.7	  10.14	  10.14
      1	    639	      1	   63.8	  10.14	  10.14
      1	    640	      1	   63.9	  10.14	  10.14
      1	    641	      1	   64.0	  10.14	  10.14
      1	    642	      1	   64.1	  10.14	  10.14
      1	    643	      1	   64.2	  10.14	  10.14
      1	    644	      1	   64.3	  10.14	  10.14
      1	    645	      1	   64.4	  10.14	  10.14
      1	    646	      1	   64.5	  10.14	  10.14
      1	    647	      1	   64.6	  10.14	  10.14
      1	    648	      1	   64.7	  10.14	  10.14
      1	    649	      1	   64.8	  10.14	  10.14
      1	    650	      1	   64.9	  10.14	  10.14
      1	    651	      1	   65.0	  10.14	  10.14
      1	    652	      1	   65.1	  10.14	  10.14
      1	    653	      1	   65.2	  10.14	  10.14
      1	    654	      1	   65.3	  10.14	  10.14
      1	    655	      1	   65.4	  10.14	  10.14
      1	    656	      1	   65.5	  10.14	  10.14
      1	    657	      1	   65.6	  10.14	  10.14
      1	    658	      1	   65.7	  10.14	  10.14
      1	    659	      1	   65.8	  10.14	  10.14
      1	    660	      1	   65.9	  10.14	  10.14
      1	    661	      1	   66.0	  10.14	  10.14
      1	    662	      1	   66.1	  10.14	  10.14
      1	    663	      1	   66.2	  10.14	  10.14
      1	    664	      1	   66.3	  10.14	  10.14
      1	    665	      1	   66.4	  10.14	  10.14
      1	    666	      1	   66.5	  10.14	  10.14
      1	    667	      1	   66.6	  10.14	  10.14
      1	    668	      1	   66.7	  10.14	  10.14
      1	    669	      1	   66.8	  10.14	  10.14
      1	    670	      1	   66.9	  10.14	  10.14
      1	    671	      1	   67.0	  10.14	  10.14
      1	    672	      1	   67.1	  10.14	  10.14
      1	    673	      1	   67.2	  10.14	  10.14
      1	    674	      1	   67.3	  10.14	  10.14
      1	    675	      1	   67.4	  10.14	  10.14
      1	    676	      1	   67.5	  10.14	  10.14
      1	    677	      1	   67.6	  10.14	  10.14
      1	    678	      1	   67.7	  10.14	  10.14
      1	    679	      1	   67.8	  10.14	  10.14
      1	    680	      1	   67.9	  10.14	  10.14
      1	    681	      1	   68.0	  10.14	  10.14
      1	    682	      1	   68.1	  10.14	  10.14
      1	    683	      1	   68.2	  10.14	  10.14
      1	    684	      1	   68.3	  10.14	  10.14
      1	    685	      1	   68.4	  10.14	  10.14
      1	    686	      1	   68.5	  10.14	  10.14
      1	    687	      1	   68.6	  10.14	  10.14
      1	    688	      1	   68.7	  10.14	  10.14
      1	    689	      1	   68.8	  10.14	  10.14
      1	    690	      1	   68.9	  10.14	  10.14
      1	    691	      1	   69.0	  10.14	  10.14
      1	    692	      1	   69.1	  10.14	  10.14
      1	    693	      1	   69.2	  10.14	  10.14
      1	    694	      1	   69.3	  10.14	  10.14
      1	    695	      1	   69.4	  10.14	  10.14
      1	    696	      1	   69.5	  10.14	  10.14
      1	    697	      1	   69.6	  10.14	  10.14
      1	    698	      1	   69.7	  10.14	  10.14
      1	    699	      1	   69.8	  10.14	  10.14
      1	    700	      1	   69.9	  10.14	  10.14
      1	    701	      1	   70.0	  10.14	  10.14
      1	    702	      1	   70.1	  10.14	  10.14
      1	    703	      1	   70.2	  10.14	  10.14
      1	    704	      1	   70.3	  10.14	  10.14
      1	    705	      1	   70.4	  10.14	  10.14
      1	    706	      1	   70.5	  10.14	  10.14
      1	    707	      1	   70.6	  10.14	  10.14
      1	    708	      1	   70.7	  10.14	  10.14
      1	    709	      1	   70.8	  10.14	  10.14
      1	    710	      1	   70.9	  10.14	  10.14
      1	    711	      1	   71.0	  10.14	  10.14
      1	    712	      1	   71.1	  10.14	  10.14
      1	    713	      1	   71.2	  10.14	  10.14
      1	    714	      1	   71.3	  10.14	  10.14
      1	    715	      1	   71.4	  10.14	  10.14
      1	    716	      1	   71.5	  10.14	  10.14
      1	    717	      1	   71.6	  10.14	  10.14
      1	    718	      1	   71.7	  10.14	  10.14
      1	    719	      1	   71.8	  10.14	  10.14
      1	    720	      1	   71.9	  10.14	  10.14
      1	    721	      1	   72.0	  10.14	  10.14
      1	    722	      1	   72.1	  10.14	  10.14
      1	    723	      1	   72.2	  10.14	  10.14
      1	    724	      1	   72.3	  10.14	  10.14
      1	    725	      1	   72.4	  10.14	  10.14
      1	    726	      1	   72.5	  10.14	  10.14
      1	    727	      1	   72.6	  10.14	  10.14
      1	    728	      1	   72.7	  10.14	  10.14
      1	    729	      1	   72.8	  10.14	  10.14
      1	    730	      1	   72.9	  10.14	  10.14
      1	    731	      1	   73.0	  10.14	  10.14
      1	    732	      1	   73.1	  10.14	  10.14
      1	    733	      1	   73.2	  10.14	  10.14
      1	    734	      1	   73.3	  10.14	  10.14
      1	    735	      1	   73.4	  10.14	  10.14
      1	    736	      1	   73.5	  10.14	  10.14
      1	    737	      1	   73.6	  10.14	  10.14
      1	    738	      1	   73.7	  10.14	  10.14
      1	    739	      1	   73.8	  10.14	  10.14
      1	    740	      1	   73.9	  10.14	  10.14
      1	    741	      1	   74.0	  10.14	  10.14
      1	    742	      1	   74.1	  10.14	  10.14
      1	    743	      1	   74.2	  10.14	  10.14
      1	    744	      1	   74.3	  10.14	  10.14
      1	    745	      1	   74.4	  10.14	  10.14
      1	    746	      1	   74.5	  10.14	  10.14
      1	    747	      1	   74.6	  10.14	  10.14
      1	    748	      1	   74.7	  10.14	  10.14
      1	    749	      1	   74.8	  10.14	  10.14
      1	    750	      1	   74.9	  10.14	  10.14
      1	    751	      1	   75.0	  10.14	  10.14
      1	    752	      1	   75.1	  10.14	  10.14
      1	    753	      1	   75.2	  10.14	  10.14
      1	    754	      1	   75.3	  10.14	  10.14
      1	    755	      1	   75.4	  10.14	  10.14
      1	    756	      1	   75.5	  10.14	  10.14
      1	    757	      1	   75.6	  10.14	  10.14
      1	    758	      1	   75.7	  10.14	  10.14
      1	    759	      1	   75.8	  10.14	  10.14
      1	    760	      1	   75.9	  10.14	  10.14
      1	    761	      1	   76.0	  10.14	  10.14
      1	    762	      1	   76.1	  10.14	  10.14
      1	    763	      1	   76.2	  10.14	  10.14
      1	    764	      1	   76.3	  10.14	  10.14
      1	    765	      1	   76.4	  10.14	  10.14
      1	    766	      1	   76.5	  10.14	  10.14
      1	    767	      1	   76.6	  10.14	  10.14
      1	    768	      1	   76.7	  10.14	  10.14
      1	    769	      1	   76.8	  10.14	  10.14
      1	    770	      1	   76.9	  10.14	  10.14
      1	    771	      1	   77.0	  10.14	  10.14
      1	    772	      1	   77.1	  10.14	  10.14
      1	    773	      1	   77.2	  10.14	  10.14
      1	    774	      1	   77.3	  10.14	  10.14
      1	    775	      1	   77.4	  10.14	  10.14
      1	    776	      1	   77.5	  10.14	  10.14
      1	    777	      1	   77.6	  10.14	  10.14
      1	    778	      1	   77.7	  10.14	  10.14
      1	    779	      1	   77.8	  10.14	  10.14
      1	    780	      1	   77.9	  10.14	  10.14
      1	    781	      1	   78.0	  10.14	  10.14
      1	    782	      1	   78.1	  10.14	  10.14
      1	    783	      1	   78.2	  10.14	  10.14
      1	    784	      1	   78.3	  10.14	  10.14
      1	    785	      1	   78.4	  10.14	  10.14
      1	    786	      1	   78.5	  10.14	  10.14
      1	    787	      1	   78.6	  10.14	  10.14
      1	    788	      1	   78.7	  10.14	  10.14
      1	    789	      1	   78.8	  10.14	  10.14
      1	    790	      1	   78.9	  10.14	  10.14
      1	    791	      1	   79.0	  10.14	  10.14
      1	    792	      1	   79.1	  10.14	  10.14
      1	    793	      1	   79.2	  10.14	  10.14
      1	    794	      1	   79.3	  10.14	  10.14
      1	    795	      1	   79.4	  10.14	  10.14
      1	    796	      1	   79.5	  10.14	  11.09
      1	    797	      1	   79.6	  10.24	  30.54
      1	    798	      1	   79.7	  10.40	  30.54
      1	    799	      1	   79.8	  10.55	  30.54
      1	    800	      1	   79.9	  10.71	  30.54
      1	    801	      1	   80.0	  10.86	  30.54
      1	    802	      1	   80.1	  11.01	  30.54
      1	    803	      1	   80.2	  11.17	  30.54
      1	    804	      1	   80.3	  11.32	  30.54
      1	    805	      1	   80.4	  11.47	  30.54
      1	    806	      1	   80.5	  11.61	  30.54
      1	    807	      1	   80.6	  11.76	  30.54
      1	    808	      1	   80.7	  11.90	  30.54
      1	    809	      1	   80.8	  12.05	  30.54
      1	    810	      1	   80.9	  12.19	  30.54
      1	    811	      1	   81.0	  12.33	  30.54
      1	    812	      1	   81.1	  12.47	  30.54
      1	    813	      1	   81.2	  12.61	  30.54
      1	    814	      1	   81.3	  12.75	  30.54
      1	    815	      1	   81.4	  12.89	  30.54
      1	    816	      1	   81.5	  13.04	  30.54
      1	    817	      1	   81.6	  13.19	  30.54
      1	    818	      1	   81.7	  13.34	  30.54
      1	    819	      1	   81.8	  13.49	  30.54
      1	    820	      1	   81.9	  13.64	  30.54
      1	    821	      1	   82.0	  13.73	  30.54
      1	    822	      1	   82.1	  13.82	  30.54
      1	    823	      1	   82.2	  13.91	  30.54
      1	    824	      1	   82.3	  14.00	  30.54
      1	    825	      1	   82.4	  14.09	  30.54
      1	    826	      1	   82.5	  14.17	  30.54
      1	    827	      1	   82.6	  14.26	  30.54
      1	    828	      1	   82.7	  14.35	  30.54
      1	    829	      1	   82.8	  14.44	  30.54
      1	    830	      1	   82.9	  14.53	  30.54
      1	    831	      1	   83.0	  14.61	  30.54
      1	    832	      1	   83.1	  14.70	  30.54
      1	    833	      1	   83.2	  14.79	  30.54
      1	    834	      1	   83.3	  14.87	  30.54
      1	    835	      1	   83.4	  14.96	  30.54
      1	    836	      1	   83.5	  15.04	  30.54
      1	    837	      1	   83.6	  15.13	  30.54
      1	    838	      1	   83.7	  15.21	  30.54
      1	    839	      1	   83.8	  15.29	  30.54
      1	    840	      1	   83.9	  15.38	  30.54
      1	    841	      1	   84.0	  15.46	  30.54
      1	    842	      1	   84.1	  15.54	  30.54
      1	    843	      1	   84.2	  15.62	  30.54
      1	    844	      1	   84.3	  15.71	  30.54
      1	    845	      1	   84.4	  15.79	  30.54
      1	    846	      1	   84.5	  15.87	  30.54
      1	    847	      1	   84.6	  15.95	  30.54
      1	    848	      1	   84.7	  16.03	  30.54
      1	    849	      1	   84.8	  16.11	  30.54
      1	    850	      1	   84.9	  16.19	  30.54
      1	    851	      1	   85.0	  16.27	  30.54
      1	    852	      1	   85.1	  16.35	  30.54
      1	    853	      1	   85.2	  16.44	  30.54
      1	    854	      1	   85.3	  16.52	  30.54
      1	    855	      1	   85.4	  16.60	  30.54
      1	    856	      1	   85.5	  16.69	  30.54
      1	    857	      1	   85.6	  16.77	  30.54
      1	    858	      1	   85.7	  16.86	  30.54
      1	    859	      1	   85.8	  16.95	  30.54
      1	    860	      1	   85.9	  17.03	  30.54
      1	    861	      1	   86.0	  17.12	  30.54
      1	    862	      1	   86.1	  17.21	  30.54
      1	    863	      1	   86.2	  17.29	  30.54
      1	    864	      1	   86.3	  17.38	  30.54
      1	    865	      1	   86.4	  17.47	  30.54
      1	    866	      1	   86.5	  17.56	  30.54
      1	    867	      1	   86.6	  17.64	  30.54
      1	    868	      1	   86.7	  17.71	  30.54
      1	    869	      1	   86.8	  17.76	  30.54
      1	    870	      1	   86.9	  17.82	  30.54
      1	    871	      1	   87.0	  17.88	  30.54
      1	    872	      1	   87.1	  17.93	  30.54
      1	    873	      1	   87.2	  17.99	  30.54
      1	    874	      1	   87.3	  18.05	  30.54
      1	    875	      1	   87.4	  18.10	  30.54
      1	    876	      1	   87.5	  18.16	  30.54
      1	    877	      1	   87.6	  18.21	  30.54
      1	    878	      1	   87.7	  18.27	  30.54
      1	    879	      1	   87.8	  18.32	  30.54
      1	    880	      1	   87.9	  18.38	  30.54
      1	    881	      1	   88.0	  18.43	  30.54
      1	    882	      1	   88.1	  18.49	  30.54
      1	    883	      1	   88.2	  18.54	  30.54
      1	    884	      1	   88.3	  18.60	  30.54
      1	    885	      1	   88.4	  18.65	  30.54
      1	    886	      1	   88.5	  18.71	  30.54
      1	    887	      1	   88.6	  18.76	  30.54
      1	    888	      1	   88.7	  18.81	  30.54
      1	    889	      1	   88.8	  18.87	  30.54
      1	    890	      1	   88.9	  18.92	  30.54
      1	    891	      1	   89.0	  18.97	  30.54
      1	    892	      1	   89.1	  19.03	  30.54
      1	    893	      1	   89.2	  19.08	  30.54
      1	    894	      1	   89.3	  19.13	  30.54
      1	    895	      1	   89.4	  19.19	  30.54
      1	    896	      1	   89.5	  19.24	  30.54
      1	    897	      1	   89.6	  19.29	  30.54
      1	    898	      1	   89.7	  19.35	  30.54
      1	    899	      1	   89.8	  19.40	  30.54
      1	    900	      1	   89.9	  19.45	  30.54
      1	    901	      1	   90.0	  19.51	  30.54
      1	    902	      1	   90.1	  19.56	  30.54
      1	    903	      1	   90.2	  19.62	  30.54
      1	    904	      1	   90.3	  19.67	  30.54
      1	    905	      1	   90.4	  19.73	  30.54
      1	    906	      1	   90.5	  19.78	  30.54
      1	    907	      1	   90.6	  19.84	  30.54
      1	    908	      1	   90.7	  19.89	  30.54
      1	    909	      1	   90.8	  19.95	  30.54
      1	    910	      1	   90.9	  20.00	  30.54
      1	    911	      1	   91.0	  20.06	  30.54
      1	    912	      1	   91.1	  20.12	  30.54
      1	    913	      1	   91.2	  20.17	  30.54
      1	    914	      1	   91.3	  20.23	  30.54
      1	    915	      1	   91.4	  20.29	  30.54
      1	    916	      1	   91.5	  20.34	  30.54
      1	    917	      1	   91.6	  20.40	  30.54
      1	    918	      1	   91.7	  20.46	  30.54
      1	    919	      1	   91.8	  20.52	  30.54
      1	    920	      1	   91.9	  20.57	  30.54
      1	    921	      1	   92.0	  20.63	  30.54
      1	    922	      1	   92.1	  20.69	  30.54
      1	    923	      1	   92.2	  20.75	  30.54
      1	    924	      1	   92.3	  20.81	  30.54
      1	    925	      1	   92.4	  20.86	  30.54
      1	    926	      1	   92.5	  20.92	  30.54
      1	    927	      1	   92.6	  20.98	  30.54
      1	    928	      1	   92.7	  21.04	  30.54
      1	    929	      1	   92.8	  21.10	  30.54
      1	    930	      1	   92.9	  21.15	  30.54
      1	    931	      1	   93.0	  21.19	  30.54
      1	    932	      1	   93.1	  21.23	  30.54
      1	    933	      1	   93.2	  21.27	  30.54
      1	    934	      1	   93.3	  21.30	  30.54
      1	    935	      1	   93.4	  21.34	  30.54
      1	    936	      1	   93.5	  21.38	  30.54
      1	    937	      1	   93.6	  21.42	  30.54
      1	    938	      1	   93.7	  21.46	  30.54
      1	    939	      1	   93.8	  21.49	  30.54
      1	    940	      1	   93.9	  21.53	  30.54
      1	    941	      1	   94.0	  21.57	  30.54
      1	    942	      1	   94.1	  21.61	  30.54
      1	    943	      1	   94.2	  21.64	  30.54
      1	    944	      1	   94.3	  21.68	  30.54
      1	    945	      1	   94.4	  21.72	  30.54
      1	    946	      1	   94.5	  21.76	  30.54
      1	    947	      1	   94.6	  21.79	  30.54
      1	    948	      1	   94.7	  21.83	  30.54
      1	    949	      1	   94.8	  21.87	  30.54
      1	    950	      1	   94.9	  21.90	  30.54
      1	    951	      1	   95.0	  21.94	  30.54
      1	    952	      1	   95.1	  21.98	  30.54
      1	    953	      1	   95.2	  22.01	  30.54
      1	    954	      1	   95.3	  22.05	  30.54
      1	    955	      1	   95.4	  22.09	  30.54
      1	    956	      1	   95.5	  22.12	  30.54
      1	    957	      1	   95.6	  22.16	  30.54
      1	    958	      1	   95.7	  22.20	  30.54
      1	    959	      1	   95.8	  22.23	  30.54
      1	    960	      1	   95.9	  22.27	  30.54
      1	    961	      1	   96.0	  22.31	  30.54
      1	    962	      1	   96.1	  22.35	  30.54
      1	    963	      1	   96.2	  22.38	  30.54
      1	    964	      1	   96.3	  22.42	  30.54
      1	    965	      1	   96.4	  22.46	  30.54
      1	    966	      1	   96.5	  22.49	  30.54
      1	    967	      1	   96.6	  22.53	  30.54
      1	    968	      1	   96.7	  22.57	  30.54
      1	    969	      1	   96.8	  22.61	  30.54
      1	    970	      1	   96.9	  22.65	  30.54
      1	    971	      1	   97.0	  22.68	  30.54
      1	    972	      1	   97.1	  22.72	  30.54
      1	    973	      1	   97.2	  22.76	  30.54
      1	    974	      1	   97.3	  22.80	  30.54
      1	    975	      1	   97.4	  22.83	  30.54
      1	    976	      1	   97.5	  22.87	  30.54
      1	    977	      1	   97.6	  22.91	  30.54
      1	    978	      1	   97.7	  22.95	  30.54
      1	    979	      1	   97.8	  22.99	  30.54
      1	    980	      1	   97.9	  23.03	  30.54
      1	    981	      1	   98.0	  23.06	  30.54
      1	    982	      1	   98.1	  23.10	  30.54
      1	    983	      1	   98.2	  23.14	  30.54
      1	    984	      1	   98.3	  23.18	  30.54
      1	    985	      1	   98.4	  23.22	  30.54
      1	    986	      1	   98.5	  23.26	  30.54
      1	    987	      1	   98.6	  23.30	  30.54
      1	    988	      1	   98.7	  23.34	  30.54
      1	    989	      1	   98.8	  23.38	  30.54
      1	    990	      1	   98.9	  23.42	  30.54
      1	    991	      1	   99.0	  23.45	  30.54
      1	    992	      1	   99.1	  23.49	  30.54
      1	    993	      1	   99.2	  23.53	  30.54
      1	    994	      1	   99.3	  23.57	  30.54
      1	    995	      1	   99.4	  23.61	  30.54
      1	    996	      1	   99.5	  23.65	  30.54
      1	    997	      1	   99.6	  23.69	  30.54
      1	    998	      1	   99.7	  23.73	  30.54
      1	    999	      1	   99.8	  23.77	  30.54
      1	   1000	      1	   99.9	  23.81	  30.54
      1	   1001	      1	  100.0	  23.85	  30.54
      1	   1002	      1	  100.1	  23.89	  30.54
      1	   1003	      1	  100.2	  23.93	  30.54
      1	   1004	      1	  100.3	  23.97	  30.54
      1	   1005	      1	  100.4	  24.01	  30.54
      1	   1006	      1	  100.5	  24.05	  30.54
      1	   1007	      1	  100.6	  24.09	  30.54
      1	   1008	      1	  100.7	  24.13	  30.54
      1	   1009	      1	  100.8	  24.17	  30.54
      1	   1010	      1	  100.9	  24.22	  30.54
      1	   1011	      1	  101.0	  24.26	  30.54
      1	   1012	      1	  101.1	  24.30	  30.54
      1	   1013	      1	  101.2	  24.33	  30.54
      1	   1014	      1	  101.3	  24.36	  30.54
      1	   1015	      1	  101.4	  24.39	  30.54
      1	   1016	      1	  101.5	  24.42	  30.54
      1	   1017	      1	  101.6	  24.45	  30.54
      1	   1018	      1	  101.7	  24.47	  30.54
      1	   1019	      1	  101.8	  24.50	  30.54
      1	   1020	      1	  101.9	  24.53	  30.54
      1	   1021	      1	  102.0	  24.55	  30.54
      1	   1022	      1	  102.1	  24.58	  30.54
      1	   1023	      1	  102.2	  24.61	  30.54
      1	   1024	      1	  102.3	  24.63	  30.54
      1	   1025	      1	  102.4	  24.66	  30.54
      1	   1026	      1	  102.5	  24.69	  30.54
      1	   1027	      1	  102.6	  24.71	  30.54
      1	   1028	      1	  102.7	  24.74	  30.54
      1	   1029	      1	  102.8	  24.76	  30.54
      1	   1030	      1	  102.9	  24.79	  30.54
      1	   1031	      1	  103.0	  24.82	  30.54
      1	   1032	      1	  103.1	  24.84	  30.54
      1	   1033	      1	  103.2	  24.87	  30.54
      1	   1034	      1	  103.3	  24.90	  30.54
      1	   1035	      1	  103.4	  24.92	  30.54
      1	   1036	      1	  103.5	  24.95	  30.54
      1	   1037	      1	  103.6	  24.97	  30.54
      1	   1038	      1	  103.7	  25.00	  30.54
      1	   1039	      1	  103.8	  25.03	  30.54
      1	   1040	      1	  103.9	  25.05	  30.54
      1	   1041	      1	  104.0	  25.08	  30.54
      1	   1042	      1	  104.1	  25.11	  30.54
      1	   1043	      1	  104.2	  25.13	  30.54
      1	   1044	      1	  104.3	  25.16	  30.54
      1	   1045	      1	  104.4	  25.19	  30.54
      1	   1046	      1	  104.5	  25.21	  30.54
      1	   1047	      1	  104.6	  25.24	  30.54
      1	   1048	      1	  104.7	  25.27	  30.54
      1	   1049	      1	  104.8	  25.29	  30.54
      1	   1050	      1	  104.9	  25.32	  30.54
      1	   1051	      1	  105.0	  25.35	  30.54
      1	   1052	      1	  105.1	  25.38	  30.54
      1	   1053	      1	  105.2	  25.40	  30.54
      1	   1054	      1	  105.3	  25.43	  30.54
      1	   1055	      1	  105.4	  25.46	  30.54
      1	   1056	      1	  105.5	  25.48	  30.54
      1	   1057	      1	  105.6	  25.51	  30.54
      1	   1058	      1	  105.7	  25.54	  30.54
      1	   1059	      1	  105.8	  25.57	  30.54
      1	   1060	      1	  105.9	  25.59	  30.54
      1	   1061	      1	  106.0	  25.62	  30.54
      1	   1062	      1	  106.1	  25.65	  30.54
      1	   1063	      1	  106.2	  25.67	  30.54
      1	   1064	      1	  106.3	  25.70	  30.54
      1	   1065	      1	  106.4	  25.73	  30.54
      1	   1066	      1	  106.5	  25.76	  30.54
      1	   1067	      1	  106.6	  25.78	  30.54
      1	   1068	      1	  106.7	  25.81	  30.54
      1	   1069	      1	  106.8	  25.84	  30.54
      1	   1070	      1	  106.9	  25.87	  30.54
      1	   1071	      1	  107.0	  25.90	  30.54
      1	   1072	      1	  107.1	  25.92	  30.54
      1	   1073	      1	  107.2	  25.95	  30.54
      1	   1074	      1	  107.3	  25.98	  30.54
      1	   1075	      1	  107.4	  26.01	  30.54
      1	   1076	      1	  107.5	  26.03	  30.54
      1	   1077	      1	  107.6	  26.06	  30.54
      1	   1078	      1	  107.7	  26.09	  30.54
      1	   1079	      1	  107.8	  26.12	  30.54
      1	   1080	      1	  107.9	  26.15	  30.54
      1	   1081	      1	  108.0	  26.17	  30.54
      1	   1082	      1	  108.1	  26.20	  30.54
      1	   1083	      1	  108.2	  26.23	  30.54
      1	   1084	      1	  108.3	  26.26	  30.54
      1	   1085	      1	  108.4	  26.29	  30.54
      1	   1086	      1	  108.5	  26.31	  30.54
      1	   1087	      1	  108.6	  26.34	  30.54
      1	   1088	      1	  108.7	  26.37	  30.54
      1	   1089	      1	  108.8	  26.40	  30.54
      1	   1090	      1	  108.9	  26.43	  30.54
      1	   1091	      1	  109.0	  26.46	  30.54
      1	   1092	      1	  109.1	  26.48	  30.54
      1	   1093	      1	  109.2	  26.51	  30.54
      1	   1094	      1	  109.3	  26.54	  30.54
      1	   1095	      1	  109.4	  26.57	  30.54
      1	   1096	      1	  109.5	  26.60	  30.54
      1	   1097	      1	  109.6	  26.63	  30.54
      1	   1098	      1	  109.7	  26.66	  30.54
      1	   1099	      1	  109.8	  26.68	  30.54
      1	   1100	      1	  109.9	  26.71	  30.54
      1	   1101	      1	  110.0	  26.74	  30.54
      1	   1102	      1	  110.1	  26.77	  30.54
      1	   1103	      1	  110.2	  26.80	  30.54
      1	   1104	      1	  110.3	  26.83	  30.54
      1	   1105	      1	  110.4	  26.86	  30.54
      1	   1106	      1	  110.5	  26.89	  30.54
      1	   1107	      1	  110.6	  26.91	  30.54
      1	   1108	      1	  110.7	  26.94	  30.54
      1	   1109	      1	  110.8	  26.97	  30.54
      1	   1110	      1	  110.9	  27.00	  30.54
      1	   1111	      1	  111.0	  27.03	  30.54
      1	   1112	      1	  111.1	  27.06	  30.54
      1	   1113	      1	  111.2	  27.09	  30.54
      1	   1114	      1	  111.3	  27.12	  30.54
      1	   1115	      1	  111.4	  27.15	  30.54
      1	   1116	      1	  111.5	  27.18	  30.54
      1	   1117	      1	  111.6	  27.21	  30.54
      1	   1118	      1	  111.7	  27.23	  30.54
      1	   1119	      1	  111.8	  27.26	  30.54
      1	   1120	      1	  111.9	  27.28	  30.54
      1	   1121	      1	  112.0	  27.30	  30.54
      1	   1122	      1	  112.1	  27.32	  30.54
      1	   1123	      1	  112.2	  27.34	  30.54
      1	   1124	      1	  112.3	  27.36	  30.54
      1	   1125	      1	  112.4	  27.38	  30.54
      1	   1126	      1	  112.5	  27.40	  30.54
      1	   1127	      1	  112.6	  27.41	  30.54
      1	   1128	      1	  112.7	  27.43	  30.54
      1	   1129	      1	  112.8	  27.45	  30.54
      1	   1130	      1	  112.9	  27.47	  30.54
      1	   1131	      1	  113.0	  27.49	  30.54
      1	   1132	      1	  113.1	  27.51	  30.54
      1	   1133	      1	  113.2	  27.52	  30.54
      1	   1134	      1	  113.3	  27.54	  30.54
      1	   1135	      1	  113.4	  27.56	  30.54
      1	   1136	      1	  113.5	  27.58	  30.54
      1	   1137	      1	  113.6	  27.60	  30.54
      1	   1138	      1	  113.7	  27.61	  30.54
      1	   1139	      1	  113.8	  27.63	  30.54
      1	   1140	      1	  113.9	  27.65	  30.54
      1	   1141	      1	  114.0	  27.67	  30.54
      1	   1142	      1	  114.1	  27.69	  30.54
      1	   1143	      1	  114.2	  27.70	  30.54
      1	   1144	      1	  114.3	  27.72	  30.54
      1	   1145	      1	  114.4	  27.74	  30.54
      1	   1146	      1	  114.5	  27.76	  30.54
      1	   1147	      1	  114.6	  27.78	  30.54
      1	   1148	      1	  114.7	  27.79	  30.54
      1	   1149	      1	  114.8	  27.81	  30.54
      1	   1150	      1	  114.9	  27.83	  30.54
      1	   1151	      1	  115.0	  27.85	  30.54
      1	   1152	      1	  115.1	  27.87	  30.54
      1	   1153	      1	  115.2	  27.88	  30.54
      1	   1154	      1	  115.3	  27.90	  30.54
      1	   1155	      1	  115.4	  27.92	  30.54
      1	   1156	      1	  115.5	  27.94	  30.54
      1	   1157	      1	  115.6	  27.96	  30.54
      1	   1158	      1	  115.7	  27.97	  30.54
      1	   1159	      1	  115.8	  27.99	  30.54
      1	   1160	      1	  115.9	  28.01	  30.54
      1	   1161	      1	  116.0	  28.03	  30.54
      1	   1162	      1	  116.1	  28.05	  30.54
      1	   1163	      1	  116.2	  28.07	  30.54
      1	   1164	      1	  116.3	  28.08	  30.54
      1	   1165	      1	  116.4	  28.10	  30.54
      1	   1166	      1	  116.5	  28.12	  30.54
      1	   1167	      1	  116.6	  28.14	  30.54
      1	   1168	      1	  116.7	  28.16	  30.54
      1	   1169	      1	  116.8	  28.18	  30.54
      1	   1170	      1	  116.9	  28.19	  30.54
      1	   1171	      1	  117.0	  28.21	  30.54
      1	   1172	      1	  117.1	  28.23	  30.54
      1	   1173	      1	  117.2	  28.25	  30.54
      1	   1174	      1	  117.3	  28.27	  30.54
      1	   1175	      1	  117.4	  28.29	  30.54
      1	   1176	      1	  117.5	  28.30	  30.54
      1	   1177	      1	  117.6	  28.32	  30.54
      1	   1178	      1	  117.7	  28.34	  30.54
      1	   1179	      1	  117.8	  28.36	  30.54
      1	   1180	      1	  117.9	  28.38	  30.54
      1	   1181	      1	  118.0	  28.40	  30.54
      1	   1182	      1	  118.1	  28.41	  30.54
      1	   1183	      1	  118.2	  28.43	  30.54
      1	   1184	      1	  118.3	  28.45	  30.54
      1	   1185	      1	  118.4	  28.47	  30.54
      1	   1186	      1	  118.5	  28.49	  30.54
      1	   1187	      1	  118.6	  28.51	  30.54
      1	   1188	      1	  118.7	  28.53	  30.54
      1	   1189	      1	  118.8	  28.54	  30.54
      1	   1190	      1	  118.9	  28.56	  30.54
      1	   1191	      1	  119.0	  28.58	  30.54
      1	   1192	      1	  119.1	  28.60	  30.54
      1	   1193	      1	  119.2	  28.62	  30.54
      1	   1194	      1	  119.3	  28.64	  30.54
      1	   1195	      1	  119.4	  28.66	  30.54
      1	   1196	      1	  119.5	  28.68	  30.54
      1	   1197	      1	  119.6	  28.69	  30.54
      1	   1198	      1	  119.7	  28.71	  30.54
      1	   1199	      1	  119.8	  28.73	  30.54
      1	   1200	      1	  119.9	  28.75	  30.54
      1	   1201	      1	  120.0	  28.77	  30.54
      1	   1202	      1	  120.1	  28.79	  30.54
      1	   1203	      1	  120.2	  28.81	  30.54
      1	   1204	      1	  120.3	  28.83	  30.54
      1	   1205	      1	  120.4	  28.84	  30.54
      1	   1206	      1	  120.5	  28.86	  30.54
      1	   1207	      1	  120.6	  28.88	  30.54
      1	   1208	      1	  120.7	  28.90	  30.54
      1	   1209	      1	  120.8	  28.92	  30.54
      1	   1210	      1	  120.9	  28.94	  30.54
      1	   1211	      1	  121.0	  28.96	  30.54
      1	   1212	      1	  121.1	  28.98	  30.54
      1	   1213	      1	  121.2	  29.00	  30.54
      1	   1214	      1	  121.3	  29.01	  30.54
      1	   1215	      1	  121.4	  29.03	  30.54
      1	   1216	      1	  121.5	  29.05	  30.54
      1	   1217	      1	  121.6	  29.07	  30.54
      1	   1218	      1	  121.7	  29.09	  30.54
      1	   1219	      1	  121.8	  29.11	  30.54
      1	   1220	      1	  121.9	  29.13	  30.54
      1	   1221	      1	  122.0	  29.15	  30.54
      1	   1222	      1	  122.1	  29.17	  30.54
      1	   1223	      1	  122.2	  29.19	  30.54
      1	   1224	      1	  122.3	  29.21	  30.54
      1	   1225	      1	  122.4	  29.22	  30.54
      1	   1226	      1	  122.5	  29.24	  30.54
      1	   1227	      1	  122.6	  29.26	  30.54
      1	   1228	      1	  122.7	  29.28	  30.54
      1	   1229	      1	  122.8	  29.30	  30.54
      1	   1230	      1	  122.9	  29.32	  30.54
      1	   1231	      1	  123.0	  29.34	  30.54
      1	   1232	      1	  123.1	  29.36	  30.54
      1	   1233	      1	  123.2	  29.38	  30.54
      1	   1234	      1	  123.3	  29.40	  30.54
      1	   1235	      1	  123.4	  29.42	  30.54
      1	   1236	      1	  123.5	  29.44	  30.54
      1	   1237	      1	  123.6	  29.46	  30.54
      1	   1238	      1	  123.7	  29.48	  30.54
      1	   1239	      1	  123.8	  29.49	  30.54
      1	   1240	      1	  123.9	  29.51	  30.54
      1	   1241	      1	  124.0	  29.53	  30.54
      1	   1242	      1	  124.1	  29.55	  30.54
      1	   1243	      1	  124.2	  29.57	  30.54
      1	   1244	      1	  124.3	  29.59	  30.54
      1	   1245	      1	  124.4	  29.61	  30.54
      1	   1246	      1	  124.5	  29.63	  30.54
      1	   1247	      1	  124.6	  29.65	  30.54
      1	   1248	      1	  124.7	  29.67	  30.54
      1	   1249	      1	  124.8	  29.69	  30.54
      1	   1250	      1	  124.9	  29.71	  30.54
      1	   1251	      1	  125.0	  29.73	  30.54
      1	   1252	      1	  125.1	  29.75	  30.54
      1	   1253	      1	  125.2	  29.77	  30.54
      1	   1254	      1	  125.3	  29.79	  30.54
      1	   1255	      1	  125.4	  29.81	  30.54
      1	   1256	      1	  125.5	  29.83	  30.54
      1	   1257	      1	  125.6	  29.85	  30.54
      1	   1258	      1	  125.7	  29.87	  30.54
      1	   1259	      1	  125.8	  29.89	  30.54
      1	   1260	      1	  125.9	  29.90	  30.54
      1	   1261	      1	  126.0	  29.92	  30.54
      1	   1262	      1	  126.1	  29.94	  30.54
      1	   1263	      1	  126.2	  29.96	  30.54
      1	   1264	      1	  126.3	  29.98	  30.54
      1	   1265	      1	  126.4	  30.00	  30.54
      1	   1266	      1	  126.5	  30.02	  30.54
      1	   1267	      1	  126.6	  30.04	  30.54
      1	   1268	      1	  126.7	  30.06	  30.54
      1	   1269	      1	  126.8	  30.08	  30.54
      1	   1270	      1	  126.9	  30.10	  30.54
      1	   1271	      1	  127.0	  30.12	  30.54
      1	   1272	      1	  127.1	  30.14	  30.54
      1	   1273	      1	  127.2	  30.16	  30.54
      1	   1274	      1	  127.3	  30.18	  30.54
      1	   1275	      1	  127.4	  30.20	  30.54
      1	   1276	      1	  127.5	  30.22	  30.54
      1	   1277	      1	  127.6	  30.24	  30.54
      1	   1278	      1	  127.7	  30.26	  30.54
      1	   1279	      1	  127.8	  30.28	  30.54
      1	   1280	      1	  127.9	  30.30	  30.54
      1	   1281	      1	  128.0	  30.32	  30.54
      1	   1282	      1	  128.1	  30.34	  30.54
      1	   1283	      1	  128.2	  30.36	  30.54
      1	   1284	      1	  128.3	  30.38	  30.54
      1	   1285	      1	  128.4	  30.40	  30.54
      1	   1286	      1	  128.5	  30.42	  30.54
      1	   1287	      1	  128.6	  30.44	  30.54
      1	   1288	      1	  128.7	  30.46	  30.54
      1	   1289	      1	  128.8	  30.48	  30.54
      1	   1290	      1	  128.9	  30.50	  30.54
      1	   1291	      1	  129.0	  30.52	  30.54
      1	   1292	      1	  129.1	  30.54	  30.54
      1	   1293	      1	  129.2	  30.53	  30.54
      1	   1294	      1	  129.3	  30.54	  30.54
      1	   1295	      1	  129.4	  30.53	  30.54
      1	   1296	      1	  129.5	  30.54	  30.54
      1	   1297	      1	  129.6	  30.53	  30.54
      1	   1298	      1	  129.7	  30.54	  30.54
      1	   1299	      1	  129.8	  30.53	  30.54
      1	   1300	      1	  129.9	  30.54	  30.54
      1	   1301	      1	  130.0	  30.53	  30.54
      1	   1302	      1	  130.1	  30.54	  30.54
      1	   1303	      1	  130.2	  30.53	  30.54
      1	   1304	      1	  130.3	  30.54	  30.54
      1	   1305	      1	  130.4	  30.53	  30.54
      1	   1306	      1	  130.5	  30.54	  30.54
      1	   1307	      1	  130.6	  30.53	  30.54
      1	   1308	      1	  130.7	  30.54	  30.54
      1	   1309	      1	  130.8	  30.53	  30.54
      1	   1310	      1	  130.9	  30.54	  30.54
      1	   1311	      1	  131.0	  30.53	  30.54
      1	   1312	      1	  131.1	  30.54	  30.54
      1	   1313	      1	  131.2	  30.53	  30.54
      1	   1314	      1	  131.3	  30.54	  30.54
      1	   1315	      1	  131.4	  30.53	  30.54
      1	   1316	      1	  131.5	  30.54	  30.54
      1	   1317	      1	  131.6	  30.53	  30.54
      1	   1318	      1	  131.7	  30.54	  30.54
      1	   1319	      1	  131.8	  30.53	  30.54
      1	   1320	      1	  131.9	  30.54	  30.54
      1	   1321	      1	  132.0	  30.53	  30.54
      1	   1322	      1	  132.1	  30.54	  30.54
      1	   1323	      1	  132.2	  30.53	  30.54
      1	   1324	      1	  132.3	  30.54	  30.54
      1	   1325	      1	  132.4	  30.53	  30.54
      1	   1326	      1	  132.5	  30.54	  30.54
      1	   1327	      1	  132.6	  30.53	  30.54
      1	   1328	      1	  132.7	  30.54	  30.54
      1	   1329	      1	  132.8	  30.53	  30.54
      1	   1330	      1	  132.9	  30.54	  30.54
      1	   1331	      1	  133.0	  30.53	  30.54
      1	   1332	      1	  133.1	  30.54	  30.54
      1	   1333	      1	  133.2	  30.53	  30.54
      1	   1334	      1	  133.3	  30.54	  30.54
      1	   1335	      1	  133.4	  30.53	  30.54
      1	   1336	      1	  133.5	  30.54	  30.54
      1	   1337	      1	  133.6	  30.53	  30.54
      1	   1338	      1	  133.7	  30.54	  30.54
      1	   1339	      1	  133.8	  30.53	  30.54
      1	   1340	      1	  133.9	  30.54	  30.54
      1	   1341	      1	  134.0	  30.53	  30.54
      1	   1342	      1	  134.1	  30.54	  30.54
      1	   1343	      1	  134.2	  30.53	  30.54
      1	   1344	      1	  134.3	  30.54	  30.54
      1	   1345	      1	  134.4	  30.53	  30.54
      1	   1346	      1	  134.5	  30.54	  30.54
      1	   1347	      1	  134.6	  30.53	  30.54
      1	   1348	      1	  134.7	  30.54	  30.54
      1	   1349	      1	  134.8	  30.53	  30.54
      1	   1350	      1	  134.9	  30.54	  30.54
      1	   1351	      1	  135.0	  30.53	  30.54
      1	   1352	      1	  135.1	  30.54	  30.54
      1	   1353	      1	  135.2	  30.53	  30.54
      1	   1354	      1	  135.3	  30.54	  30.54
      1	   1355	      1	  135.4	  30.53	  30.54
      1	   1356	      1	  135.5	  30.54	  30.54
      1	   1357	      1	  135.6	  30.53	  30.54
      1	   1358	      1	  135.7	  30.54	  30.54
      1	   1359	      1	  135.8	  30.53	  30.54
      1	   1360	      1	  135.9	  30.54	  30.54
      1	   1361	      1	  136.0	  30.53	  30.54
      1	   1362	      1	  136.1	  30.54	  30.54
      1	   1363	      1	  136.2	  30.53	  30.54
      1	   1364	      1	  136.3	  30.54	  30.54
      1	   1365	      1	  136.4	  30.53	  30.54
      1	   1366	      1	  136.5	  30.54	  30.54
      1	   1367	      1	  136.6	  30.53	  30.54
      1	   1368	      1	  136.7	  30.54	  30.54
      1	   1369	      1	  136.8	  30.53	  30.54
      1	   1370	      1	  136.9	  30.54	  30.54
      1	   1371	      1	  137.0	  30.53	  30.54
      1	   1372	      1	  137.1	  30.54	  30.54
      1	   1373	      1	  137.2	  30.53	  30.54
      1	   1374	      1	  137.3	  30.54	  30.54
      1	   1375	      1	  137.4	  30.53	  30.54
      1	   1376	      1	  137.5	  30.54	  30.54
      1	   1377	      1	  137.6	  30.53	  30.54
      1	   1378	      1	  137.7	  30.54	  30.54
      1	   1379	      1	  137.8	  30.53	  30.54
      1	   1380	      1	  137.9	  30.54	  30.54
      1	   1381	      1	  138.0	  30.53	  30.54
      1	   1382	      1	  138.1	  30.54	  30.54
      1	   1383	      1	  138.2	  30.53	  30.54
      1	   1384	      1	  138.3	  30.54	  30.54
      1	   1385	      1	  138.4	  30.53	  30.54
      1	   1386	      1	  138.5	  30.54	  30.54
      1	   1387	      1	  138.6	  30.53	  30.54
      1	   1388	      1	  138.7	  30.54	  30.54
      1	   1389	      1	  138.8	  30.53	  30.54
      1	   1390	      1	  138.9	  30.54	  30.54
      1	   1391	      1	  139.0	  30.53	  30.54
      1	   1392	      1	  139.1	  30.54	  30.54
      1	   1393	      1	  139.2	  30.53	  30.54
      1	   1394	      1	  139.3	  30.54	  30.54
      1	   1395	      1	  139.4	  30.53	  30.54
      1	   1396	      1	  139.5	  30.54	  30.54
      1	   1397	      1	  139.6	  30.53	  30.54
      1	   1398	      1	  139.7	  30.54	  30.54
      1	   1399	      1	  139.8	  30.53	  30.54
      1	   1400	      1	  139.9	  30.54	  30.54
      1	   1401	      1	  140.0	  30.53	  30.54
      1	   1402	      1	  140.1	  30.54	  30.54
      1	   1403	      1	  140.2	  30.53	  30.54
      1	    608	      2	   60.7	  10.14	  30.54
      1	    607	      2	   60.6	  10.34	  30.54
      1	    606	      2	   60.5	  10.54	  30.54
      1	    605	      2	   60.4	  10.74	  30.54
      1	    604	      2	   60.3	  10.93	  30.54
      1	    603	      2	   60.2	  11.12	  30.54
      1	    602	      2	   60.1	  11.30	  30.54
      1	    601	      2	   60.0	  11.49	  30.54
      1	    600	      2	   59.9	  11.67	  30.54
      1	    599	      2	   59.8	  11.85	  30.54
      1	    598	      2	   59.7	  12.03	  30.54
      1	    597	      2	   59.6	  12.21	  30.54
      1	    596	      2	   59.5	  12.38	  30.54
      1	    595	      2	   59.4	  12.56	  30.54
      1	    594	      2	   59.3	  12.73	  30.54
      1	    593	      2	   59.2	  12.90	  30.54
      1	    592	      2	   59.1	  13.07	  30.54
      1	    591	      2	   59.0	  13.23	  30.54
      1	    590	      2	   58.9	  13.40	  30.54
      1	    589	      2	   58.8	  13.56	  30.54
      1	    588	      2	   58.7	  13.73	  30.54
      1	    587	      2	   58.6	  13.89	  30.54
      1	    586	      2	   58.5	  14.05	  30.54
      1	    585	      2	   58.4	  14.21	  30.54
      1	    584	      2	   58.3	  14.37	  30.54
      1	    583	      2	   58.2	  14.52	  30.54
      1	    582	      2	   58.1	  14.68	  30.54
      1	    581	      2	   58.0	  14.83	  30.54
      1	    580	      2	   57.9	  14.99	  30.54
      1	    579	      2	   57.8	  15.14	  30.54
      1	    578	      2	   57.7	  15.29	  30.54
      1	    577	      2	   57.6	  15.44	  30.54
      1	    576	      2	   57.5	  15.60	  30.54
      1	    575	      2	   57.4	  15.74	  30.54
      1	    574	      2	   57.3	  15.89	  30.54
      1	    573	      2	   57.2	  16.04	  30.54
      1	    572	      2	   57.1	  16.19	  30.54
      1	    571	      2	   57.0	  16.34	  30.54
      1	    570	      2	   56.9	  16.48	  30.54
      1	    569	      2	   56.8	  16.63	  30.54
      1	    568	      2	   56.7	  16.77	  30.54
      1	    567	      2	   56.6	  16.91	  30.54
      1	    566	      2	   56.5	  17.06	  30.54
      1	    565	      2	   56.4	  17.20	  30.54
      1	    564	      2	   56.3	  17.34	  30.54
      1	    563	      2	   56.2	  17.48	  30.54
      1	    562	      2	   56.1	  17.62	  30.54
      1	    561	      2	   56.0	  17.76	  30.54
      1	    560	      2	   55.9	  17.90	  30.54
      1	    559	      2	   55.8	  18.04	  30.54
      1	    558	      2	   55.7	  18.18	  30.54
      1	    557	      2	   55.6	  18.32	  30.54
      1	    556	      2	   55.5	  18.46	  30.54
      1	    555	      2	   55.4	  18.60	  30.54
      1	    554	      2	   55.3	  18.73	  30.54
      1	    553	      2	   55.2	  18.87	  30.54
      1	    552	      2	   55.1	  19.00	  30.54
      1	    551	      2	   55.0	  19.14	  30.54
      1	    550	      2	   54.9	  19.27	  30.54
      1	    549	      2	   54.8	  19.41	  30.54
      1	    548	      2	   54.7	  19.54	  30.54
      1	    547	      2	   54.6	  19.68	  30.54
      1	    546	      2	   54.5	  19.81	  30.54
      1	    545	      2	   54.4	  19.94	  30.54
      1	    544	      2	   54.3	  20.08	  30.54
      1	    543	      2	   54.2	  20.21	  30.54
      1	    542	      2	   54.1	  20.34	  30.54
      1	    541	      2	   54.0	  20.47	  30.54
      1	    540	      2	   53.9	  20.61	  30.54
      1	    539	      2	   53.8	  20.74	  30.54
      1	    538	      2	   53.7	  20.87	  30.54
      1	    537	      2	   53.6	  21.00	  30.54
      1	    536	      2	   53.5	  21.13	  30.54
      1	    535	      2	   53.4	  21.26	  30.54
      1	    534	      2	   53.3	  21.39	  30.54
      1	    533	      2	   53.2	  21.52	  30.54
      1	    532	      2	   53.1	  21.65	  30.54
      1	    531	      2	   53.0	  21.78	  30.54
      1	    530	      2	   52.9	  21.91	  30.54
      1	    529	      2	   52.8	  22.03	  30.54
      1	    528	      2	   52.7	  22.16	  30.54
      1	    527	      2	   52.6	  22.29	  30.54
      1	    526	      2	   52.5	  22.42	  30.54
      1	    525	      2	   52.4	  22.55	  30.54
      1	    524	      2	   52.3	  22.67	  30.54
      1	    523	      2	   52.2	  22.80	  30.54
      1	    522	      2	   52.1	  22.93	  30.54
      1	    521	      2	   52.0	  23.05	  30.54
      1	    520	      2	   51.9	  23.18	  30.54
      1	    519	      2	   51.8	  23.31	  30.54
      1	    518	      2	   51.7	  23.43	  30.54
      1	    517	      2	   51.6	  23.56	  30.54
      1	    516	      2	   51.5	  23.69	  30.54
      1	    515	      2	   51.4	  23.81	  30.54
      1	    514	      2	   51.3	  23.94	  30.54
      1	    513	      2	   51.2	  24.06	  30.54
      1	    512	      2	   51.1	  24.19	  30.54
      1	    511	      2	   51.0	  24.31	  30.54
      1	    510	      2	   50.9	  24.44	  30.54
      1	    509	      2	   50.8	  24.56	  30.54
      1	    508	      2	   50.7	  24.69	  30.54
      1	    507	      2	   50.6	  24.81	  30.54
      1	    506	      2	   50.5	  24.94	  30.54
      1	    505	      2	   50.4	  25.06	  30.54
      1	    504	      2	   50.3	  25.19	  30.54
      1	    503	      2	   50.2	  25.31	  30.54
      1	    502	      2	   50.1	  25.44	  30.54
      1	    501	      2	   50.0	  25.56	  30.54
      1	    500	      2	   49.9	  25.68	  30.54
      1	    499	      2	   49.8	  25.81	  30.54
      1	    498	      2	   49.7	  25.93	  30.54
      1	    497	      2	   49.6	  26.05	  30.54
      1	    496	      2	   49.5	  26.18	  30.54
      1	    495	      2	   49.4	  26.30	  30.54
      1	    494	      2	   49.3	  26.42	  30.54
      1	    493	      2	   49.2	  26.55	  30.54
      1	    492	      2	   49.1	  26.67	  30.54
      1	    491	      2	   49.0	  26.79	  30.54
      1	    490	      2	   48.9	  26.92	  30.54
      1	    489	      2	   48.8	  27.04	  30.54
      1	    488	      2	   48.7	  27.16	  30.54
      1	    487	      2	   48.6	  27.29	  30.54
      1	    486	      2	   48.5	  27.41	  30.54
      1	    485	      2	   48.4	  27.53	  30.54
      1	    484	      2	   48.3	  27.65	  30.54
      1	    483	      2	   48.2	  27.78	  30.54
      1	    482	      2	   48.1	  27.90	  30.54
      1	    481	      2	   48.0	  28.02	  30.54
      1	    480	      2	   47.9	  28.14	  30.54
      1	    479	      2	   47.8	  28.27	  30.54
      1	    478	      2	   47.7	  28.39	  30.54
      1	    477	      2	   47.6	  28.51	  30.54
      1	    476	      2	   47.5	  28.63	  30.54
      1	    475	      2	   47.4	  28.76	  30.54
      1	    474	      2	   47.3	  28.88	  30.54
      1	    473	      2	   47.2	  29.00	  30.54
      1	    472	      2	   47.1	  29.12	  30.54
      1	    471	      2	   47.0	  29.24	  30.54
      1	    470	      2	   46.9	  29.37	  30.54
      1	    469	      2	   46.8	  29.49	  30.54
      1	    468	      2	   46.7	  29.61	  30.54
      1	    467	      2	   46.6	  29.73	  30.54
      1	    466	      2	   46.5	  29.85	  30.54
      1	    465	      2	   46.4	  29.98	  30.54
      1	    464	      2	   46.3	  30.10	  30.54
      1	    463	      2	   46.2	  30.22	  30.54
      1	    462	      2	   46.1	  30.34	  30.54
      1	    461	      2	   46.0	  30.46	  30.54
      1	    460	      2	   45.9	  30.54	  30.54
________________________________________________
Velocity profile calculation error.
Points not calculated.
609
Solver time is: 0.126211 [s]
Post-processing initialised.
Correct solution selected from modes.
Laptime calculated.
Forces calculated.
Yaw motion calculated.
Steering angles calculated.
Vehicle slip angles calculated.
Engine metrics calculated.
KPIs calculated.
Post-processing finished.
Simulation results saved.
Simulation completed.
Efficiency Score  :     NaN [s]
Laptime   :   5.194 [s]
Sector   1:   0.792 [s]
Sector   2:   1.853 [s]
Sector   3:   2.531 [s]
Sector   4:   0.000 [s]
Plots created and saved.
Export initialised.
Exported .csv file successfully.
Elapsed time is: 5.965421 [s]
