_______                    ____________________________________ __
__  __ \______________________  __/__  __ \__    |_  ____/__  //_/
_  / / /__  __ \  _ \_  __ \_  /  __  /_/ /_  /| |  /    __  ,<   
/ /_/ /__  /_/ /  __/  / / /  /   _  _, _/_  ___ / /___  _  /| |  
\____/ _  .___/\___//_/ /_//_/    /_/ |_| /_/  |_\____/  /_/ |_|  
       /_/                                                        
==================================================================
./sheetsTrack/Acceleration.xlsx
File read successfully
==================================================================
Name:          Acceleration
City:          
Country:       
Type:          Acceleration
Configuration: Open
Direction:     Forward
Mirror:        Off
Date:          24/10/2023
Time:          21:47:47
==================================================================
Track generation started.
Pre-processing completed.
Fine meshing completed with mesh size: 1 [m]
Apex calculation completed.
Track rotated.
Fine mesh map created.
Plots created and saved.
Track generated successfully.
Map:
ooooooooooooooooooooooooooooooooooooo                              
                                    oooooo                         
                                         oooo                      
                                             ooo                   
                                               oooo                
                                                  oooo             
                                                     ooo           
                                                        ooooo   ooo
                                                             oooo  
