_______                    ____________________________________ __
__  __ \______________________  __/__  __ \__    |_  ____/__  //_/
_  / / /__  __ \  _ \_  __ \_  /  __  /_/ /_  /| |  /    __  ,<   
/ /_/ /__  /_/ /  __/  / / /  /   _  _, _/_  ___ / /___  _  /| |  
\____/ _  .___/\___//_/ /_//_/    /_/ |_| /_/  |_\____/  /_/ |_|  
       /_/                                                        
==================================================================
drsPassingZone.xlsx
File read successfully
==================================================================
Name:          drsPassingZone
City:          
Country:       
Type:          
Configuration: Closed
Direction:     Forward
Mirror:        Off
Date:          25/10/2023
Time:          17:27:17
==================================================================
Track generation started.
Pre-processing completed.
Fine meshing completed with mesh size: 0.1 [m]
Apex calculation completed.
Track rotated.
Closing fine mesh map.
Fine mesh map closed.
Fine mesh map created.
Plots created and saved.
Track generated successfully.
Map:
  oooooooooooooooooooooooooooooooooooooooooooooooooooooooooooooo   
ooo                                                            ooo 
o                                                                oo
o                                                                oo
o                                                                o 
ooo                                                           oooo 
   oooooooooooooooooooooooooooooooooooooooooooooooooooooooooooo    
