_______                    ____________________________________ __
__  __ \______________________  __/__  __ \__    |_  ____/__  //_/
_  / / /__  __ \  _ \_  __ \_  /  __  /_/ /_  /| |  /    __  ,<   
/ /_/ /__  /_/ /  __/  / / /  /   _  _, _/_  ___ / /___  _  /| |  
\____/ _  .___/\___//_/ /_//_/    /_/ |_| /_/  |_\____/  /_/ |_|  
       /_/                                                        
==================================================================
Skidpad.xlsx
File read successfully
==================================================================
Name:          Skidpad
City:          
Country:       
Type:          
Configuration: Closed
Direction:     Forward
Mirror:        Off
Date:          24/10/2023
Time:          21:51:09
==================================================================
Track generation started.
Pre-processing completed.
Fine meshing completed with mesh size: 0.1 [m]
Apex calculation completed.
Track rotated.
Closing fine mesh map.
Fine mesh map closed.
Fine mesh map created.
Plots created and saved.
Track generated successfully.
Map:
                          oooooooooooooooo                         
                     oooooo              ooooooo                   
                 ooooo                         oooo                
              oooo                                 ooo             
            ooo                                      ooo           
          ooo                                           oo         
        ooo                                              ooo       
       oo                                                  oo      
      oo                                                     oo    
     o                                                        oo   
    o                                                          oo  
   oo                                                           o  
  oo                                                             o 
  o                                                              oo
 oo                                                               o
 o                                                                o
 o                                                                o
 o                                                                o
 o                                                                o
 o                                                                o
 o                                                                o
 oo                                                               o
  o                                                              oo
  oo                                                            oo 
   oo                                                           o  
    o                                                          oo  
     oo                                                       oo   
      oo                                                     oo    
       oo                                                  ooo     
        ooo                                               oo       
          ooo                                           oo         
            ooo                                       ooo          
              oooo                                 ooo             
                 oooo                          oooo                
                    ooooooo               oooooo                   
                          oooooooooooooooo                         
                    oooooo               oooooo                    
                ooooo                          oooo                
              ooo                                 oooo             
           ooo                                       ooo           
         ooo                                           ooo         
        oo                                               ooo       
      ooo                                                  oo      
     oo                                                     oo     
    oo                                                       oo    
   oo                                                         oo   
  oo                                                           oo  
  o                                                             oo 
 oo                                                              o 
 o                                                               o 
 o                                                               oo
 o                                                                o
oo                                                                o
oo                                                                o
 o                                                                o
 o                                                               oo
 o                                                               o 
 oo                                                              o 
  o                                                             o  
   o                                                           oo  
   oo                                                         oo   
    oo                                                       oo    
     oo                                                     oo     
      ooo                                                  oo      
        oo                                               oo        
          oo                                           ooo         
           oooo                                      ooo           
              ooo                                 oooo             
                 oooo                         ooooo                
                    ooooooo             ooooooo                    
                          ooooooooooooooo                          
