_______                    ____________________________________ __
__  __ \______________________  __/__  __ \__    |_  ____/__  //_/
_  / / /__  __ \  _ \_  __ \_  /  __  /_/ /_  /| |  /    __  ,<   
/ /_/ /__  /_/ /  __/  / / /  /   _  _, _/_  ___ / /___  _  /| |  
\____/ _  .___/\___//_/ /_//_/    /_/ |_| /_/  |_\____/  /_/ |_|  
       /_/                                                        
==================================================================
Endurance2019ShapeData.xlsx
File read successfully
==================================================================
Name:          Michigan Endurance
City:          
Country:       USA
Type:          Permanent
Configuration: Closed
Direction:     Forward
Mirror:        Off
Date:          28/10/2023
Time:          12:30:18
==================================================================
Track generation started.
Pre-processing completed.
Fine meshing completed with mesh size: 0.1 [m]
Apex calculation completed.
Track rotated.
Closing fine mesh map.
Fine mesh map closed.
Fine mesh map created.
Plots created and saved.
Track generated successfully.
Map:
                                                               oooo
                                                       ooooooooo oo
                                 ooooooooooooooooooooooooo       o 
                         ooooooooo                               o 
ooo                      o                                      oo 
oooooooooo              oo                                      o  
 o       oooo          oo                                      oo  
 o          ooo       oo                                       oo  
oo            ooooooooo                                       oo   
o                oo                                           o    
oo                                                            o    
o                                                            oo    
o                                                            o     
o                                           ooo     ooooo    o     
oo                   ooo  oo ooooooooooooo oo oo   oo   oooooo     
 o      ooooooo     oo oooooooo          ooo   ooooo               
 oo     oo    oo oooo   oo  ooo                                    
  oooooooo     ooo                                                 
