_______                    ___    ________________  ________________________________
__  __ \_____________________ |  / /__  ____/__  / / /___  _/_  ____/__  /___  ____/
_  / / /__  __ \  _ \_  __ \_ | / /__  __/  __  /_/ / __  / _  /    __  / __  __/   
/ /_/ /__  /_/ /  __/  / / /_ |/ / _  /___  _  __  / __/ /  / /___  _  /___  /___   
\____/ _  .___/\___//_/ /_/_____/  /_____/  /_/ /_/  /___/  \____/  /_____/_____/   
       /_/                                                                          
====================================================================================
WUFR23.xlsx
File read successfully
====================================================================================
Name: WUFR23
Type: FullCar
Date: 30/10/2023
Time: 21:17:53
====================================================================================
Vehicle generation started.
Braking model generated successfully.
Steering model generated successfully.
Driveline model generated successfully.
Shift points calculated successfully.
Forces calculated successfully.
GGV map generated successfully.
Plots created and saved.
Vehicle generated successfully.
